Using pre-set license
Built from '2020.3/staging' branch; Version is '2020.3.33f1 (915a7af8b0d5) revision 9525882'; Using compiler version '192528614'; Build Type 'Release'
OS: 'Windows 10  (10.0.19042) 64bit Professional' Language: 'en' Physical Memory: 16264 MB
BatchMode: 1, IsHumanControllingUs: 0, StartBugReporterOnCrash: 0, Is64bit: 1, IsPro: 0

COMMAND LINE ARGUMENTS:
C:\Program Files\Unity\Hub\Editor\2020.3.33f1\Editor\Unity.exe
-adb2
-batchMode
-noUpm
-name
AssetImportWorker0
-projectPath
C:/Users/Admin/Documents/unity/zombieshoot
-logFile
Logs/AssetImportWorker0.log
-srvPort
57649
Successfully changed project path to: C:/Users/Admin/Documents/unity/zombieshoot
C:/Users/Admin/Documents/unity/zombieshoot
Using Asset Import Pipeline V2.
Refreshing native plugins compatible for Editor in 69.06 ms, found 2 plugins.
Preloading 0 native plugins for Editor in 0.00 ms.
Initialize engine version: 2020.3.33f1 (915a7af8b0d5)
[Subsystems] Discovering subsystems at path C:/Program Files/Unity/Hub/Editor/2020.3.33f1/Editor/Data/Resources/UnitySubsystems
[Subsystems] Discovering subsystems at path C:/Users/Admin/Documents/unity/zombieshoot/Assets
GfxDevice: creating device client; threaded=0
Direct3D:
    Version:  Direct3D 11.0 [level 11.1]
    Renderer: Intel(R) HD Graphics 5500 (ID=0x1616)
    Vendor:   
    VRAM:     8132 MB
    Driver:   20.19.15.5058
Initialize mono
Mono path[0] = 'C:/Program Files/Unity/Hub/Editor/2020.3.33f1/Editor/Data/Managed'
Mono path[1] = 'C:/Program Files/Unity/Hub/Editor/2020.3.33f1/Editor/Data/MonoBleedingEdge/lib/mono/unityjit'
Mono config path = 'C:/Program Files/Unity/Hub/Editor/2020.3.33f1/Editor/Data/MonoBleedingEdge/etc'
Using monoOptions --debugger-agent=transport=dt_socket,embedding=1,server=y,suspend=n,address=127.0.0.1:56824
Begin MonoManager ReloadAssembly
Registering precompiled unity dll's ...
Register platform support module: C:/Program Files/Unity/Hub/Editor/2020.3.33f1/Editor/Data/PlaybackEngines/WebGLSupport/UnityEditor.WebGL.Extensions.dll
Register platform support module: C:/Program Files/Unity/Hub/Editor/2020.3.33f1/Editor/Data/PlaybackEngines/WindowsStandaloneSupport/UnityEditor.WindowsStandalone.Extensions.dll
Registered in 0.003462 seconds.
Native extension for WindowsStandalone target not found
Native extension for WebGL target not found
Refreshing native plugins compatible for Editor in 80.75 ms, found 2 plugins.
Preloading 0 native plugins for Editor in 0.00 ms.
Mono: successfully reloaded assembly
- Completed reload, in  1.021 seconds
Domain Reload Profiling:
	ReloadAssembly (1022ms)
		BeginReloadAssembly (91ms)
			ExecutionOrderSort (0ms)
			DisableScriptedObjects (0ms)
			BackupInstance (0ms)
			ReleaseScriptingObjects (0ms)
			CreateAndSetChildDomain (1ms)
		EndReloadAssembly (812ms)
			LoadAssemblies (88ms)
			RebuildTransferFunctionScriptingTraits (0ms)
			SetupTypeCache (317ms)
			ReleaseScriptCaches (0ms)
			RebuildScriptCaches (44ms)
			SetupLoadedEditorAssemblies (273ms)
				LogAssemblyErrors (0ms)
				InitializePlatformSupportModulesInManaged (5ms)
				SetLoadedEditorAssemblies (0ms)
				RefreshPlugins (81ms)
				BeforeProcessingInitializeOnLoad (23ms)
				ProcessInitializeOnLoadAttributes (124ms)
				ProcessInitializeOnLoadMethodAttributes (39ms)
				AfterProcessingInitializeOnLoad (0ms)
				EditorAssembliesLoaded (0ms)
			ExecutionOrderSort2 (0ms)
			AwakeInstancesAfterBackupRestoration (0ms)
Platform modules already initialized, skipping
Registering precompiled user dll's ...
Registered in 0.004854 seconds.
Begin MonoManager ReloadAssembly
Symbol file LoadedFromMemory doesn't match image C:\Users\Admin\Documents\unity\zombieshoot\Library\PackageCache\com.unity.collab-proxy@1.15.15\Lib\Editor\PlasticSCM\unityplastic.dll
Native extension for WindowsStandalone target not found
Native extension for WebGL target not found
Refreshing native plugins compatible for Editor in 69.15 ms, found 2 plugins.
Preloading 0 native plugins for Editor in 0.00 ms.
Mono: successfully reloaded assembly
- Completed reload, in  1.746 seconds
Domain Reload Profiling:
	ReloadAssembly (1747ms)
		BeginReloadAssembly (265ms)
			ExecutionOrderSort (0ms)
			DisableScriptedObjects (9ms)
			BackupInstance (0ms)
			ReleaseScriptingObjects (0ms)
			CreateAndSetChildDomain (44ms)
		EndReloadAssembly (1375ms)
			LoadAssemblies (159ms)
			RebuildTransferFunctionScriptingTraits (0ms)
			SetupTypeCache (462ms)
			ReleaseScriptCaches (1ms)
			RebuildScriptCaches (76ms)
			SetupLoadedEditorAssemblies (491ms)
				LogAssemblyErrors (0ms)
				InitializePlatformSupportModulesInManaged (5ms)
				SetLoadedEditorAssemblies (0ms)
				RefreshPlugins (69ms)
				BeforeProcessingInitializeOnLoad (110ms)
				ProcessInitializeOnLoadAttributes (282ms)
				ProcessInitializeOnLoadMethodAttributes (12ms)
				AfterProcessingInitializeOnLoad (12ms)
				EditorAssembliesLoaded (0ms)
			ExecutionOrderSort2 (0ms)
			AwakeInstancesAfterBackupRestoration (8ms)
Platform modules already initialized, skipping
========================================================================
Worker process is ready to serve import requests
Launched and connected shader compiler UnityShaderCompiler.exe after 0.06 seconds
Refreshing native plugins compatible for Editor in 0.97 ms, found 2 plugins.
Preloading 0 native plugins for Editor in 0.00 ms.
Unloading 1718 Unused Serialized files (Serialized files now loaded: 0)
System memory in use before: 92.7 MB.
System memory in use after: 92.8 MB.

Unloading 19 unused Assets to reduce memory usage. Loaded Objects now: 2173.
Total: 5.214000 ms (FindLiveObjects: 0.211100 ms CreateObjectMapping: 0.087300 ms MarkObjects: 4.792300 ms  DeleteObjects: 0.121600 ms)

AssetImportParameters requested are different than current active one (requested -> active):
  custom:framework-win-MediaFoundation: 216162199b28c13a410421893ffa2e32 -> 
  custom:video-decoder-ogg-theora: a1e56fd34408186e4bbccfd4996cb3dc -> 
  custom:container-muxer-webm: aa71ff27fc2769a1b78a27578f13a17b -> 
  custom:container-demuxer-webm: 4f35f7cbe854078d1ac9338744f61a02 -> 
  custom:container-demuxer-ogg: 62fdf1f143b41e24485cea50d1cbac27 -> 
  custom:video-encoder-webm-vp8: eb34c28f22e8b96e1ab97ce403110664 -> 
  custom:video-decoder-webm-vp8: 9c59270c3fd7afecdb556c50c9e8de78 -> 
  custom:audio-decoder-ogg-vorbis: bf7c407c2cedff20999df2af8eb42d56 -> 
  custom:audio-encoder-webm-vorbis: bf7c407c2cedff20999df2af8eb42d56 -> 
========================================================================
Received Import Request.
  path: Assets/Scripts/Prefabs/Sphere.prefab
  artifactKey: Guid(8c76c455be943454b8fa6e13d7f9f86e) Importer(815301076,1909f56bfc062723c751e8b465ee728b)
Start importing Assets/Scripts/Prefabs/Sphere.prefab using Guid(8c76c455be943454b8fa6e13d7f9f86e) Importer(815301076,1909f56bfc062723c751e8b465ee728b)  -> (artifact id: '20b1aac8e3ba8b932246f708fbc0b370') in 0.245663 seconds 
========================================================================
Received Import Request.
  Time since last request: 52.833775 seconds.
  path: Assets/GUI_Parts/Demo.unity
  artifactKey: Guid(6c64fb8af5456eb4e8e2b952cdb31814) Importer(815301076,1909f56bfc062723c751e8b465ee728b)
Start importing Assets/GUI_Parts/Demo.unity using Guid(6c64fb8af5456eb4e8e2b952cdb31814) Importer(815301076,1909f56bfc062723c751e8b465ee728b)  -> (artifact id: '6946d4c65bb90fc086ef4a70a955ca67') in 0.007923 seconds 
========================================================================
Received Prepare
Refreshing native plugins compatible for Editor in 7.73 ms, found 2 plugins.
Preloading 0 native plugins for Editor in 0.00 ms.
Unloading 12 Unused Serialized files (Serialized files now loaded: 0)
System memory in use before: 60.8 MB.
System memory in use after: 60.9 MB.

Unloading 13 unused Assets to reduce memory usage. Loaded Objects now: 2181.
Total: 6.368000 ms (FindLiveObjects: 0.337600 ms CreateObjectMapping: 0.206200 ms MarkObjects: 5.790100 ms  DeleteObjects: 0.032400 ms)

AssetImportParameters requested are different than current active one (requested -> active):
  custom:framework-win-MediaFoundation: 216162199b28c13a410421893ffa2e32 -> 
  custom:video-decoder-ogg-theora: a1e56fd34408186e4bbccfd4996cb3dc -> 
  custom:container-muxer-webm: aa71ff27fc2769a1b78a27578f13a17b -> 
  custom:container-demuxer-webm: 4f35f7cbe854078d1ac9338744f61a02 -> 
  custom:container-demuxer-ogg: 62fdf1f143b41e24485cea50d1cbac27 -> 
  custom:video-encoder-webm-vp8: eb34c28f22e8b96e1ab97ce403110664 -> 
  custom:video-decoder-webm-vp8: 9c59270c3fd7afecdb556c50c9e8de78 -> 
  custom:audio-decoder-ogg-vorbis: bf7c407c2cedff20999df2af8eb42d56 -> 
  custom:audio-encoder-webm-vorbis: bf7c407c2cedff20999df2af8eb42d56 -> 
========================================================================
Received Import Request.
  Time since last request: 10.583547 seconds.
  path: Assets/Clean Vector Icons/T_3_arrow_empty_left_.png
  artifactKey: Guid(5dec73e9ae51f4f449835068fa42ab0e) Importer(815301076,1909f56bfc062723c751e8b465ee728b)
Start importing Assets/Clean Vector Icons/T_3_arrow_empty_left_.png using Guid(5dec73e9ae51f4f449835068fa42ab0e) Importer(815301076,1909f56bfc062723c751e8b465ee728b)  -> (artifact id: 'd4976bbbe9068b360c4f822f29f6735c') in 0.055556 seconds 
========================================================================
Received Import Request.
  Time since last request: 0.000385 seconds.
  path: Assets/Clean Vector Icons/T_3_eye_bored_.png
  artifactKey: Guid(e21783b9009bb3e40aac9f7487d624f7) Importer(815301076,1909f56bfc062723c751e8b465ee728b)
Start importing Assets/Clean Vector Icons/T_3_eye_bored_.png using Guid(e21783b9009bb3e40aac9f7487d624f7) Importer(815301076,1909f56bfc062723c751e8b465ee728b)  -> (artifact id: 'b2575d84da953b8252bc63706f4215c4') in 0.025729 seconds 
========================================================================
Received Import Request.
  Time since last request: 0.000348 seconds.
  path: Assets/Clean Vector Icons/T_3_bottle_full_.png
  artifactKey: Guid(9967dc9c6c023804490a2f656ff50533) Importer(815301076,1909f56bfc062723c751e8b465ee728b)
Start importing Assets/Clean Vector Icons/T_3_bottle_full_.png using Guid(9967dc9c6c023804490a2f656ff50533) Importer(815301076,1909f56bfc062723c751e8b465ee728b)  -> (artifact id: '28d44a3c57f3a814267786f71b961daf') in 0.029727 seconds 
========================================================================
Received Import Request.
  Time since last request: 0.000295 seconds.
  path: Assets/Clean Vector Icons/T_3_cursor_-_al_.png
  artifactKey: Guid(819c8f6309b30fd4899429d080d15b50) Importer(815301076,1909f56bfc062723c751e8b465ee728b)
Start importing Assets/Clean Vector Icons/T_3_cursor_-_al_.png using Guid(819c8f6309b30fd4899429d080d15b50) Importer(815301076,1909f56bfc062723c751e8b465ee728b)  -> (artifact id: 'bcb3a8178d8f46c16db5625f5672e7de') in 0.027207 seconds 
========================================================================
Received Import Request.
  Time since last request: 0.000320 seconds.
  path: Assets/Clean Vector Icons/T_3_coins_.png
  artifactKey: Guid(8ea3e46938e041f4a8abb8200dc90159) Importer(815301076,1909f56bfc062723c751e8b465ee728b)
Start importing Assets/Clean Vector Icons/T_3_coins_.png using Guid(8ea3e46938e041f4a8abb8200dc90159) Importer(815301076,1909f56bfc062723c751e8b465ee728b)  -> (artifact id: '97d69b61eb1876d8b74b5fe0e67bf800') in 0.025901 seconds 
========================================================================
Received Import Request.
  Time since last request: 0.000608 seconds.
  path: Assets/Clean Vector Icons/T_3_column_double_cross_.png
  artifactKey: Guid(833d1e8a52d7c8b4f9e8200a08721bdd) Importer(815301076,1909f56bfc062723c751e8b465ee728b)
Start importing Assets/Clean Vector Icons/T_3_column_double_cross_.png using Guid(833d1e8a52d7c8b4f9e8200a08721bdd) Importer(815301076,1909f56bfc062723c751e8b465ee728b)  -> (artifact id: '23f2f8c7f028236d52bc2baeb173754a') in 0.037373 seconds 
========================================================================
Received Import Request.
  Time since last request: 0.186613 seconds.
  path: Assets/Clean Vector Icons/T_3_letter_eye_.png
  artifactKey: Guid(04778ce2ab74b5b4abbda109ef29a9d9) Importer(815301076,1909f56bfc062723c751e8b465ee728b)
Start importing Assets/Clean Vector Icons/T_3_letter_eye_.png using Guid(04778ce2ab74b5b4abbda109ef29a9d9) Importer(815301076,1909f56bfc062723c751e8b465ee728b)  -> (artifact id: 'f5c38ff61ad858a33ebc26e42288d0fb') in 0.023655 seconds 
========================================================================
Received Import Request.
  Time since last request: 0.000131 seconds.
  path: Assets/Clean Vector Icons/T_3_sun_full_.png
  artifactKey: Guid(afcc21aaa520e9743b7c6ddd2ee73409) Importer(815301076,1909f56bfc062723c751e8b465ee728b)
Start importing Assets/Clean Vector Icons/T_3_sun_full_.png using Guid(afcc21aaa520e9743b7c6ddd2ee73409) Importer(815301076,1909f56bfc062723c751e8b465ee728b)  -> (artifact id: 'e7e60e23ccffcc3581285dbfc15ceb5b') in 0.026214 seconds 
========================================================================
Received Import Request.
  Time since last request: 0.000303 seconds.
  path: Assets/Clean Vector Icons/T_3_scroll_open_cut_.png
  artifactKey: Guid(65c4a4eb7ac9c0540903ebcdc2ceae48) Importer(815301076,1909f56bfc062723c751e8b465ee728b)
Start importing Assets/Clean Vector Icons/T_3_scroll_open_cut_.png using Guid(65c4a4eb7ac9c0540903ebcdc2ceae48) Importer(815301076,1909f56bfc062723c751e8b465ee728b)  -> (artifact id: '23941b0f428143bc1c0007e1a8bfbc8a') in 0.025977 seconds 
========================================================================
Received Import Request.
  Time since last request: 0.000299 seconds.
  path: Assets/Clean Vector Icons/T_3_shield_magic_.png
  artifactKey: Guid(b6795c96fef3b01439d1de6a75d33651) Importer(815301076,1909f56bfc062723c751e8b465ee728b)
Start importing Assets/Clean Vector Icons/T_3_shield_magic_.png using Guid(b6795c96fef3b01439d1de6a75d33651) Importer(815301076,1909f56bfc062723c751e8b465ee728b)  -> (artifact id: 'eceb37aba13d09bc8b7f7364e6b56d15') in 0.023792 seconds 
========================================================================
Received Import Request.
  Time since last request: 0.000260 seconds.
  path: Assets/Clean Vector Icons/T_3_magnifier_-_al_.png
  artifactKey: Guid(a42e88e2e819b4a4cafce86eff236ff8) Importer(815301076,1909f56bfc062723c751e8b465ee728b)
Start importing Assets/Clean Vector Icons/T_3_magnifier_-_al_.png using Guid(a42e88e2e819b4a4cafce86eff236ff8) Importer(815301076,1909f56bfc062723c751e8b465ee728b)  -> (artifact id: 'f6f1b6ae47744ff5eed5354472a0d5d7') in 0.023664 seconds 
========================================================================
Received Import Request.
  Time since last request: 0.394305 seconds.
  path: Assets/Clean Vector Icons/T_3_sword_cut_.png
  artifactKey: Guid(d605befd4bec61449b7a5c492aaf2361) Importer(815301076,1909f56bfc062723c751e8b465ee728b)
Start importing Assets/Clean Vector Icons/T_3_sword_cut_.png using Guid(d605befd4bec61449b7a5c492aaf2361) Importer(815301076,1909f56bfc062723c751e8b465ee728b)  -> (artifact id: 'ec77d3de65130f846ad6281df99b7e12') in 0.022851 seconds 
========================================================================
Received Import Request.
  Time since last request: 0.000320 seconds.
  path: Assets/Clean Vector Icons/T_4_cursor_=_al_.png
  artifactKey: Guid(8ccbbe0572b5f224ab0e0c4cc981c879) Importer(815301076,1909f56bfc062723c751e8b465ee728b)
Start importing Assets/Clean Vector Icons/T_4_cursor_=_al_.png using Guid(8ccbbe0572b5f224ab0e0c4cc981c879) Importer(815301076,1909f56bfc062723c751e8b465ee728b)  -> (artifact id: '29587e18280e8669035aa352755f8a77') in 0.026828 seconds 
========================================================================
Received Import Request.
  Time since last request: 0.000386 seconds.
  path: Assets/Clean Vector Icons/T_4_coin_bag1_.png
  artifactKey: Guid(73b277da837c0874893f6123d5842ca0) Importer(815301076,1909f56bfc062723c751e8b465ee728b)
Start importing Assets/Clean Vector Icons/T_4_coin_bag1_.png using Guid(73b277da837c0874893f6123d5842ca0) Importer(815301076,1909f56bfc062723c751e8b465ee728b)  -> (artifact id: '01d72f85f48f0bccf73a430694b20242') in 0.032590 seconds 
========================================================================
Received Import Request.
  Time since last request: 0.000271 seconds.
  path: Assets/Clean Vector Icons/T_4_bottle_small_empty_.png
  artifactKey: Guid(9505d7d09d7f3704f9cd0ac449fb9ac1) Importer(815301076,1909f56bfc062723c751e8b465ee728b)
Start importing Assets/Clean Vector Icons/T_4_bottle_small_empty_.png using Guid(9505d7d09d7f3704f9cd0ac449fb9ac1) Importer(815301076,1909f56bfc062723c751e8b465ee728b)  -> (artifact id: '842d957f31e1c425bb9923f1a9a9c523') in 0.024526 seconds 
========================================================================
Received Import Request.
  Time since last request: 0.000308 seconds.
  path: Assets/Clean Vector Icons/T_4_arrow_empty_right_.png
  artifactKey: Guid(de328077ad8c9594c9ec3cf1023b25fe) Importer(815301076,1909f56bfc062723c751e8b465ee728b)
Start importing Assets/Clean Vector Icons/T_4_arrow_empty_right_.png using Guid(de328077ad8c9594c9ec3cf1023b25fe) Importer(815301076,1909f56bfc062723c751e8b465ee728b)  -> (artifact id: '049a17ab3fdc4c460b202ddedab550c8') in 0.027116 seconds 
========================================================================
Received Import Request.
  Time since last request: 0.000278 seconds.
  path: Assets/Clean Vector Icons/T_4_=_.png
  artifactKey: Guid(815a0f2c406c8284a98a80dff69ff8d8) Importer(815301076,1909f56bfc062723c751e8b465ee728b)
Start importing Assets/Clean Vector Icons/T_4_=_.png using Guid(815a0f2c406c8284a98a80dff69ff8d8) Importer(815301076,1909f56bfc062723c751e8b465ee728b)  -> (artifact id: 'd441e7025106c76d5e23b881095b33a1') in 0.029109 seconds 
========================================================================
Received Import Request.
  Time since last request: 0.000274 seconds.
  path: Assets/Clean Vector Icons/T_4_column_sound1_.png
  artifactKey: Guid(a180731ab7211ec4ebd0f41648d49450) Importer(815301076,1909f56bfc062723c751e8b465ee728b)
Start importing Assets/Clean Vector Icons/T_4_column_sound1_.png using Guid(a180731ab7211ec4ebd0f41648d49450) Importer(815301076,1909f56bfc062723c751e8b465ee728b)  -> (artifact id: 'dff10c57034e91f828a7354b2997a1ac') in 0.025081 seconds 
========================================================================
Received Import Request.
  Time since last request: 0.295322 seconds.
  path: Assets/Clean Vector Icons/T_4_eye_bleed_.png
  artifactKey: Guid(33a6203d7c3a9244ba0e334f4fe0ac3a) Importer(815301076,1909f56bfc062723c751e8b465ee728b)
Start importing Assets/Clean Vector Icons/T_4_eye_bleed_.png using Guid(33a6203d7c3a9244ba0e334f4fe0ac3a) Importer(815301076,1909f56bfc062723c751e8b465ee728b)  -> (artifact id: '614c61dfc896c9ff81953be768e8182b') in 0.023824 seconds 
========================================================================
Received Import Request.
  Time since last request: 0.000279 seconds.
  path: Assets/Clean Vector Icons/T_4_frost_.png
  artifactKey: Guid(c27014685dc9aee42800f1851d0d6e6d) Importer(815301076,1909f56bfc062723c751e8b465ee728b)
Start importing Assets/Clean Vector Icons/T_4_frost_.png using Guid(c27014685dc9aee42800f1851d0d6e6d) Importer(815301076,1909f56bfc062723c751e8b465ee728b)  -> (artifact id: 'afa4405d1eb75c35c0fa7a72cde81478') in 0.027673 seconds 
========================================================================
Received Import Request.
  Time since last request: 0.000327 seconds.
  path: Assets/Clean Vector Icons/T_4_scroll_+_.png
  artifactKey: Guid(99f13d49cb3a1e24cbf97075d80ae0cb) Importer(815301076,1909f56bfc062723c751e8b465ee728b)
Start importing Assets/Clean Vector Icons/T_4_scroll_+_.png using Guid(99f13d49cb3a1e24cbf97075d80ae0cb) Importer(815301076,1909f56bfc062723c751e8b465ee728b)  -> (artifact id: 'd69abed7308709824faac57f99bc9d70') in 0.032038 seconds 
========================================================================
Received Import Request.
  Time since last request: 0.000273 seconds.
  path: Assets/Clean Vector Icons/T_4_magnifier_eye_.png
  artifactKey: Guid(01b741f16dda06c4fbe68d6251587847) Importer(815301076,1909f56bfc062723c751e8b465ee728b)
Start importing Assets/Clean Vector Icons/T_4_magnifier_eye_.png using Guid(01b741f16dda06c4fbe68d6251587847) Importer(815301076,1909f56bfc062723c751e8b465ee728b)  -> (artifact id: '3687a6eb79583a3592e2ef9dd4854b36') in 0.025717 seconds 
========================================================================
Received Import Request.
  Time since last request: 0.000346 seconds.
  path: Assets/Clean Vector Icons/T_4_head_knignt_.png
  artifactKey: Guid(5e2805d1479227b499602a8f62f9a0e7) Importer(815301076,1909f56bfc062723c751e8b465ee728b)
Start importing Assets/Clean Vector Icons/T_4_head_knignt_.png using Guid(5e2805d1479227b499602a8f62f9a0e7) Importer(815301076,1909f56bfc062723c751e8b465ee728b)  -> (artifact id: '6551f2a66bb471befc1b5f340268ad5b') in 0.026906 seconds 
========================================================================
Received Import Request.
  Time since last request: 0.000261 seconds.
  path: Assets/Clean Vector Icons/T_4_magnifier_eye_al_.png
  artifactKey: Guid(4c1d44382b9c700468f015c68363321f) Importer(815301076,1909f56bfc062723c751e8b465ee728b)
Start importing Assets/Clean Vector Icons/T_4_magnifier_eye_al_.png using Guid(4c1d44382b9c700468f015c68363321f) Importer(815301076,1909f56bfc062723c751e8b465ee728b)  -> (artifact id: '6c32fcd28de941ed5ebb5c935f3a9453') in 0.025261 seconds 
========================================================================
Received Import Request.
  Time since last request: 0.000424 seconds.
  path: Assets/Clean Vector Icons/T_4_letter_+_.png
  artifactKey: Guid(514abb40e3c586648974a711b1a6ad3d) Importer(815301076,1909f56bfc062723c751e8b465ee728b)
Start importing Assets/Clean Vector Icons/T_4_letter_+_.png using Guid(514abb40e3c586648974a711b1a6ad3d) Importer(815301076,1909f56bfc062723c751e8b465ee728b)  -> (artifact id: '769ed8e86baa93d5a8c0b4cb52f617a0') in 0.023415 seconds 
========================================================================
Received Import Request.
  Time since last request: 0.240166 seconds.
  path: Assets/Clean Vector Icons/T_4_shield_bezel_.png
  artifactKey: Guid(570018e27fa24c34091ab0bbdcff209b) Importer(815301076,1909f56bfc062723c751e8b465ee728b)
Start importing Assets/Clean Vector Icons/T_4_shield_bezel_.png using Guid(570018e27fa24c34091ab0bbdcff209b) Importer(815301076,1909f56bfc062723c751e8b465ee728b)  -> (artifact id: 'c89d8a00c9eec7e3cf0070820e704aea') in 0.027493 seconds 
========================================================================
Received Import Request.
  Time since last request: 0.000263 seconds.
  path: Assets/Clean Vector Icons/T_4_sun_half_.png
  artifactKey: Guid(25180e46342b2214a9d68d0f0ce01ca5) Importer(815301076,1909f56bfc062723c751e8b465ee728b)
Start importing Assets/Clean Vector Icons/T_4_sun_half_.png using Guid(25180e46342b2214a9d68d0f0ce01ca5) Importer(815301076,1909f56bfc062723c751e8b465ee728b)  -> (artifact id: 'ad8f649d482d55a2ababa865d3769163') in 0.031626 seconds 
========================================================================
Received Import Request.
  Time since last request: 0.000298 seconds.
  path: Assets/Clean Vector Icons/T_5_letter_-_.png
  artifactKey: Guid(1a87dc30d02858b43b02b8d3781af70b) Importer(815301076,1909f56bfc062723c751e8b465ee728b)
Start importing Assets/Clean Vector Icons/T_5_letter_-_.png using Guid(1a87dc30d02858b43b02b8d3781af70b) Importer(815301076,1909f56bfc062723c751e8b465ee728b)  -> (artifact id: '8eeb54133168ee65cfdeb2758c59680b') in 0.023174 seconds 
========================================================================
Received Import Request.
  Time since last request: 0.000247 seconds.
  path: Assets/Clean Vector Icons/T_5_magnifier_eye_crossed_al_.png
  artifactKey: Guid(bfa7019f88769204c904dbd91fb996f3) Importer(815301076,1909f56bfc062723c751e8b465ee728b)
Start importing Assets/Clean Vector Icons/T_5_magnifier_eye_crossed_al_.png using Guid(bfa7019f88769204c904dbd91fb996f3) Importer(815301076,1909f56bfc062723c751e8b465ee728b)  -> (artifact id: 'c2ecc9bb1cc9d1b0ade3da61ce3b354b') in 0.022250 seconds 
========================================================================
Received Import Request.
  Time since last request: 0.000522 seconds.
  path: Assets/Clean Vector Icons/T_5_cursor_x_al_.png
  artifactKey: Guid(8bf839021e420dd459a61f9c1c0354f7) Importer(815301076,1909f56bfc062723c751e8b465ee728b)
Start importing Assets/Clean Vector Icons/T_5_cursor_x_al_.png using Guid(8bf839021e420dd459a61f9c1c0354f7) Importer(815301076,1909f56bfc062723c751e8b465ee728b)  -> (artifact id: '53c95d581d2f722b6ec9e53855024af4') in 0.027840 seconds 
========================================================================
Received Import Request.
  Time since last request: 0.000621 seconds.
  path: Assets/Clean Vector Icons/T_5_eye_cross_.png
  artifactKey: Guid(2251011a5d10c124ea35f86c11f5d53b) Importer(815301076,1909f56bfc062723c751e8b465ee728b)
Start importing Assets/Clean Vector Icons/T_5_eye_cross_.png using Guid(2251011a5d10c124ea35f86c11f5d53b) Importer(815301076,1909f56bfc062723c751e8b465ee728b)  -> (artifact id: '9a7ece4c1786ec1334ce287281ae56b3') in 0.026476 seconds 
========================================================================
Received Import Request.
  Time since last request: 0.000299 seconds.
  path: Assets/Clean Vector Icons/T_5_head_rogure_.png
  artifactKey: Guid(06823b49a1fcd154da0942a436195adb) Importer(815301076,1909f56bfc062723c751e8b465ee728b)
Start importing Assets/Clean Vector Icons/T_5_head_rogure_.png using Guid(06823b49a1fcd154da0942a436195adb) Importer(815301076,1909f56bfc062723c751e8b465ee728b)  -> (artifact id: '1969b5fc67df6d19a8ee8e8559edb6fb') in 0.024899 seconds 
========================================================================
Received Import Request.
  Time since last request: 0.000218 seconds.
  path: Assets/Clean Vector Icons/T_5_coin_bag2_.png
  artifactKey: Guid(95ffc4f28f629d045b5a5ded06e879fd) Importer(815301076,1909f56bfc062723c751e8b465ee728b)
Start importing Assets/Clean Vector Icons/T_5_coin_bag2_.png using Guid(95ffc4f28f629d045b5a5ded06e879fd) Importer(815301076,1909f56bfc062723c751e8b465ee728b)  -> (artifact id: 'eeba1973744400e7671bbbb686e96f64') in 0.026511 seconds 
========================================================================
Received Import Request.
  Time since last request: 0.000303 seconds.
  path: Assets/Clean Vector Icons/T_5_magnifier_eye_crossed_.png
  artifactKey: Guid(aedbd15ce275f33479defa6cc11f2ab9) Importer(815301076,1909f56bfc062723c751e8b465ee728b)
Start importing Assets/Clean Vector Icons/T_5_magnifier_eye_crossed_.png using Guid(aedbd15ce275f33479defa6cc11f2ab9) Importer(815301076,1909f56bfc062723c751e8b465ee728b)  -> (artifact id: 'ea5b3637e51f1e92456f5ba3274e1488') in 0.025513 seconds 
========================================================================
Received Import Request.
  Time since last request: 0.000367 seconds.
  path: Assets/Clean Vector Icons/T_5_column_sound2_.png
  artifactKey: Guid(4487209fdda91154da619301adb9e6c4) Importer(815301076,1909f56bfc062723c751e8b465ee728b)
Start importing Assets/Clean Vector Icons/T_5_column_sound2_.png using Guid(4487209fdda91154da619301adb9e6c4) Importer(815301076,1909f56bfc062723c751e8b465ee728b)  -> (artifact id: '606c5ae3eb9da3e247b0173ae3818b2b') in 0.024598 seconds 
========================================================================
Received Import Request.
  Time since last request: 0.000221 seconds.
  path: Assets/Clean Vector Icons/T_5_arrow_up_.png
  artifactKey: Guid(137c605350849a743b8a4644b7de27be) Importer(815301076,1909f56bfc062723c751e8b465ee728b)
Start importing Assets/Clean Vector Icons/T_5_arrow_up_.png using Guid(137c605350849a743b8a4644b7de27be) Importer(815301076,1909f56bfc062723c751e8b465ee728b)  -> (artifact id: 'fb1684add7af681c3f184bcb207c890e') in 0.026092 seconds 
========================================================================
Received Import Request.
  Time since last request: 0.000111 seconds.
  path: Assets/Clean Vector Icons/T_5_drop_.png
  artifactKey: Guid(6f649aea2852e3b46a8c4386355a2c53) Importer(815301076,1909f56bfc062723c751e8b465ee728b)
Start importing Assets/Clean Vector Icons/T_5_drop_.png using Guid(6f649aea2852e3b46a8c4386355a2c53) Importer(815301076,1909f56bfc062723c751e8b465ee728b)  -> (artifact id: '4851136903d8a81c25f2e0a68ff305e8') in 0.030122 seconds 
========================================================================
Received Import Request.
  Time since last request: 0.000252 seconds.
  path: Assets/Clean Vector Icons/T_4_sword_saw_.png
  artifactKey: Guid(d54a9728519c5d54bbe09aff5bd95284) Importer(815301076,1909f56bfc062723c751e8b465ee728b)
Start importing Assets/Clean Vector Icons/T_4_sword_saw_.png using Guid(d54a9728519c5d54bbe09aff5bd95284) Importer(815301076,1909f56bfc062723c751e8b465ee728b)  -> (artifact id: '320fb576c62fc634c7b0138962477d99') in 0.028469 seconds 
========================================================================
Received Import Request.
  Time since last request: 0.000272 seconds.
  path: Assets/Clean Vector Icons/T_5_x_.png
  artifactKey: Guid(a3580baf4cda17643bebcd843ca5881f) Importer(815301076,1909f56bfc062723c751e8b465ee728b)
Start importing Assets/Clean Vector Icons/T_5_x_.png using Guid(a3580baf4cda17643bebcd843ca5881f) Importer(815301076,1909f56bfc062723c751e8b465ee728b)  -> (artifact id: '66c9147053baa28d54809549bed8f24a') in 0.029315 seconds 
========================================================================
Received Import Request.
  Time since last request: 0.000202 seconds.
  path: Assets/Clean Vector Icons/T_6_continue_.png
  artifactKey: Guid(d42cfe7bed8439c439378d1a7e76f4e3) Importer(815301076,1909f56bfc062723c751e8b465ee728b)
Start importing Assets/Clean Vector Icons/T_6_continue_.png using Guid(d42cfe7bed8439c439378d1a7e76f4e3) Importer(815301076,1909f56bfc062723c751e8b465ee728b)  -> (artifact id: 'f389580f7dc5716bd521edd49daa61fe') in 0.023685 seconds 
========================================================================
Received Import Request.
  Time since last request: 0.000243 seconds.
  path: Assets/Clean Vector Icons/T_6_cloud_.png
  artifactKey: Guid(6de84b3b23aed7c44bbf4fa283ffb05e) Importer(815301076,1909f56bfc062723c751e8b465ee728b)
Start importing Assets/Clean Vector Icons/T_6_cloud_.png using Guid(6de84b3b23aed7c44bbf4fa283ffb05e) Importer(815301076,1909f56bfc062723c751e8b465ee728b)  -> (artifact id: '511a35e5da7a9fc437e989f52b003419') in 0.028175 seconds 
========================================================================
Received Import Request.
  Time since last request: 0.000375 seconds.
  path: Assets/Clean Vector Icons/T_6_cursor_devide_al_.png
  artifactKey: Guid(3de84b461969c2b488f545e305d3f08a) Importer(815301076,1909f56bfc062723c751e8b465ee728b)
Start importing Assets/Clean Vector Icons/T_6_cursor_devide_al_.png using Guid(3de84b461969c2b488f545e305d3f08a) Importer(815301076,1909f56bfc062723c751e8b465ee728b)  -> (artifact id: '07389cf03e8782e90650385fdd1bd1d9') in 0.025868 seconds 
========================================================================
Received Import Request.
  Time since last request: 0.000357 seconds.
  path: Assets/Clean Vector Icons/T_6_head_scull_.png
  artifactKey: Guid(8066e15c4e3df6e4f9806f9d5f71e70a) Importer(815301076,1909f56bfc062723c751e8b465ee728b)
Start importing Assets/Clean Vector Icons/T_6_head_scull_.png using Guid(8066e15c4e3df6e4f9806f9d5f71e70a) Importer(815301076,1909f56bfc062723c751e8b465ee728b)  -> (artifact id: 'f9085c4582fd8bb9beeedc2d26ec4c6f') in 0.024783 seconds 
========================================================================
Received Import Request.
  Time since last request: 0.000379 seconds.
  path: Assets/Clean Vector Icons/T_6_mace_.png
  artifactKey: Guid(b9d3d7dbf5c4f114fbe9d15c62c0f9cc) Importer(815301076,1909f56bfc062723c751e8b465ee728b)
Start importing Assets/Clean Vector Icons/T_6_mace_.png using Guid(b9d3d7dbf5c4f114fbe9d15c62c0f9cc) Importer(815301076,1909f56bfc062723c751e8b465ee728b)  -> (artifact id: '50c157d02f9ff63ff3187442793f40e0') in 0.025737 seconds 
========================================================================
Received Import Request.
  Time since last request: 0.000247 seconds.
  path: Assets/Clean Vector Icons/T_6_barrel_.png
  artifactKey: Guid(fdf81e4514a3ee343842aa1421113184) Importer(815301076,1909f56bfc062723c751e8b465ee728b)
Start importing Assets/Clean Vector Icons/T_6_barrel_.png using Guid(fdf81e4514a3ee343842aa1421113184) Importer(815301076,1909f56bfc062723c751e8b465ee728b)  -> (artifact id: 'f762e2be0391c871441d9d36d9968b68') in 0.024751 seconds 
========================================================================
Received Import Request.
  Time since last request: 0.000237 seconds.
  path: Assets/Clean Vector Icons/T_6_bottle_small_full_.png
  artifactKey: Guid(667647984c5ed7f498543ddc58a219a4) Importer(815301076,1909f56bfc062723c751e8b465ee728b)
Start importing Assets/Clean Vector Icons/T_6_bottle_small_full_.png using Guid(667647984c5ed7f498543ddc58a219a4) Importer(815301076,1909f56bfc062723c751e8b465ee728b)  -> (artifact id: 'b436c772f85bd5932b2af595e5df1e5c') in 0.029519 seconds 
========================================================================
Received Import Request.
  Time since last request: 0.000547 seconds.
  path: Assets/Clean Vector Icons/T_6_arrow_down_.png
  artifactKey: Guid(515e1722bb0b86e4bb28c0aaade52e65) Importer(815301076,1909f56bfc062723c751e8b465ee728b)
Start importing Assets/Clean Vector Icons/T_6_arrow_down_.png using Guid(515e1722bb0b86e4bb28c0aaade52e65) Importer(815301076,1909f56bfc062723c751e8b465ee728b)  -> (artifact id: 'b3486e2cc50c5d4423224f99eb5a52bd') in 0.024667 seconds 
========================================================================
Received Import Request.
  Time since last request: 0.000094 seconds.
  path: Assets/Clean Vector Icons/T_5_sword_.png
  artifactKey: Guid(a59d6029d282ea148bf57966b0c2401e) Importer(815301076,1909f56bfc062723c751e8b465ee728b)
Start importing Assets/Clean Vector Icons/T_5_sword_.png using Guid(a59d6029d282ea148bf57966b0c2401e) Importer(815301076,1909f56bfc062723c751e8b465ee728b)  -> (artifact id: '71074c2fd59366865f26058c00a56656') in 0.025244 seconds 
========================================================================
Received Import Request.
  Time since last request: 0.000256 seconds.
  path: Assets/Clean Vector Icons/T_5_scroll_-_.png
  artifactKey: Guid(790128c15d19af4439ebab9bad9afec8) Importer(815301076,1909f56bfc062723c751e8b465ee728b)
Start importing Assets/Clean Vector Icons/T_5_scroll_-_.png using Guid(790128c15d19af4439ebab9bad9afec8) Importer(815301076,1909f56bfc062723c751e8b465ee728b)  -> (artifact id: '92c36e6f69b5b52ffece9cc856c7ab21') in 0.025278 seconds 
========================================================================
Received Import Request.
  Time since last request: 0.000301 seconds.
  path: Assets/Clean Vector Icons/T_6_head_king_.png
  artifactKey: Guid(01f37c4d7431f454297eadac8750d509) Importer(815301076,1909f56bfc062723c751e8b465ee728b)
Start importing Assets/Clean Vector Icons/T_6_head_king_.png using Guid(01f37c4d7431f454297eadac8750d509) Importer(815301076,1909f56bfc062723c751e8b465ee728b)  -> (artifact id: '4e33b372b04d06c66c9b154bfa28ef50') in 0.031013 seconds 
========================================================================
Received Import Request.
  Time since last request: 0.000277 seconds.
  path: Assets/Clean Vector Icons/T_6_devide_.png
  artifactKey: Guid(071a5d518c1fc4841838c36485123b3b) Importer(815301076,1909f56bfc062723c751e8b465ee728b)
Start importing Assets/Clean Vector Icons/T_6_devide_.png using Guid(071a5d518c1fc4841838c36485123b3b) Importer(815301076,1909f56bfc062723c751e8b465ee728b)  -> (artifact id: 'a2a573a9e743d0eca6fd7e99df157d2d') in 0.030673 seconds 
========================================================================
Received Import Request.
  Time since last request: 0.000356 seconds.
  path: Assets/Clean Vector Icons/T_5_sun_empty_.png
  artifactKey: Guid(a893af5c92e73d24bbea12aeb87df664) Importer(815301076,1909f56bfc062723c751e8b465ee728b)
Start importing Assets/Clean Vector Icons/T_5_sun_empty_.png using Guid(a893af5c92e73d24bbea12aeb87df664) Importer(815301076,1909f56bfc062723c751e8b465ee728b)  -> (artifact id: 'b8024c229bce1bd9249d9e7d6351550c') in 0.025288 seconds 
========================================================================
Received Import Request.
  Time since last request: 0.000279 seconds.
  path: Assets/Clean Vector Icons/T_5_bottle_small_half_.png
  artifactKey: Guid(56b6d779582183d49878dc21bb5496bf) Importer(815301076,1909f56bfc062723c751e8b465ee728b)
Start importing Assets/Clean Vector Icons/T_5_bottle_small_half_.png using Guid(56b6d779582183d49878dc21bb5496bf) Importer(815301076,1909f56bfc062723c751e8b465ee728b)  -> (artifact id: '4ea5678e82eca81fc14f095e1fb1c735') in 0.024166 seconds 
========================================================================
Received Import Request.
  Time since last request: 0.000300 seconds.
  path: Assets/Clean Vector Icons/T_7_arrow_left_.png
  artifactKey: Guid(974fd4633f76fe24b854d48b461656a1) Importer(815301076,1909f56bfc062723c751e8b465ee728b)
Start importing Assets/Clean Vector Icons/T_7_arrow_left_.png using Guid(974fd4633f76fe24b854d48b461656a1) Importer(815301076,1909f56bfc062723c751e8b465ee728b)  -> (artifact id: '729a4c11395c935ffc32c1c1b9ba446d') in 0.030138 seconds 
========================================================================
Received Import Request.
  Time since last request: 0.000267 seconds.
  path: Assets/Clean Vector Icons/T_6_scroll_eye_.png
  artifactKey: Guid(99804c36b51fc9c4f8fe30baab62dd4b) Importer(815301076,1909f56bfc062723c751e8b465ee728b)
Start importing Assets/Clean Vector Icons/T_6_scroll_eye_.png using Guid(99804c36b51fc9c4f8fe30baab62dd4b) Importer(815301076,1909f56bfc062723c751e8b465ee728b)  -> (artifact id: 'c0e20b75bc27ab425ac257cf3e8a0d21') in 0.026917 seconds 
========================================================================
Received Import Request.
  Time since last request: 0.000285 seconds.
  path: Assets/Clean Vector Icons/T_7_head_scull_enemy_.png
  artifactKey: Guid(e5da668c6557abb47a17a303cf69943f) Importer(815301076,1909f56bfc062723c751e8b465ee728b)
Start importing Assets/Clean Vector Icons/T_7_head_scull_enemy_.png using Guid(e5da668c6557abb47a17a303cf69943f) Importer(815301076,1909f56bfc062723c751e8b465ee728b)  -> (artifact id: 'fd91994c93267d58de376775834640b8') in 0.027854 seconds 
========================================================================
Received Import Request.
  Time since last request: 0.000241 seconds.
  path: Assets/Clean Vector Icons/T_8_arrow_right_.png
  artifactKey: Guid(90bd95b9cd8e8f44ebb15453b5fa16cb) Importer(815301076,1909f56bfc062723c751e8b465ee728b)
Start importing Assets/Clean Vector Icons/T_8_arrow_right_.png using Guid(90bd95b9cd8e8f44ebb15453b5fa16cb) Importer(815301076,1909f56bfc062723c751e8b465ee728b)  -> (artifact id: '5a133a2e4f87ddead9a7c57db72a1114') in 0.026888 seconds 
========================================================================
Received Import Request.
  Time since last request: 0.000305 seconds.
  path: Assets/Clean Vector Icons/T_7_question_.png
  artifactKey: Guid(cca9ca156bf61e445b872555e11ba23e) Importer(815301076,1909f56bfc062723c751e8b465ee728b)
Start importing Assets/Clean Vector Icons/T_7_question_.png using Guid(cca9ca156bf61e445b872555e11ba23e) Importer(815301076,1909f56bfc062723c751e8b465ee728b)  -> (artifact id: 'a17d78112f56e9f76e6478bac1c5bc26') in 0.030403 seconds 
========================================================================
Received Import Request.
  Time since last request: 0.000250 seconds.
  path: Assets/Clean Vector Icons/T_7_cursor_question_al_.png
  artifactKey: Guid(0781e066f75aaa94095583eafdec5d8f) Importer(815301076,1909f56bfc062723c751e8b465ee728b)
Start importing Assets/Clean Vector Icons/T_7_cursor_question_al_.png using Guid(0781e066f75aaa94095583eafdec5d8f) Importer(815301076,1909f56bfc062723c751e8b465ee728b)  -> (artifact id: '7c37df3331d925feb0b02a40fe4441ec') in 0.026190 seconds 
========================================================================
Received Import Request.
  Time since last request: 0.000272 seconds.
  path: Assets/Clean Vector Icons/T_7_book_.png
  artifactKey: Guid(d0ec2e65dadd70346b81af93bb4eb352) Importer(815301076,1909f56bfc062723c751e8b465ee728b)
Start importing Assets/Clean Vector Icons/T_7_book_.png using Guid(d0ec2e65dadd70346b81af93bb4eb352) Importer(815301076,1909f56bfc062723c751e8b465ee728b)  -> (artifact id: 'd8bb3239c6daed223ed1f0cc9da23263') in 0.025404 seconds 
========================================================================
Received Import Request.
  Time since last request: 0.000323 seconds.
  path: Assets/Clean Vector Icons/T_8_bottle_magic_.png
  artifactKey: Guid(d3590afc6b555c44d8fcd6c5241012ab) Importer(815301076,1909f56bfc062723c751e8b465ee728b)
Start importing Assets/Clean Vector Icons/T_8_bottle_magic_.png using Guid(d3590afc6b555c44d8fcd6c5241012ab) Importer(815301076,1909f56bfc062723c751e8b465ee728b)  -> (artifact id: '8a9802ea8300dad158f9e72a8761164c') in 0.025924 seconds 
========================================================================
Received Import Request.
  Time since last request: 0.000236 seconds.
  path: Assets/Clean Vector Icons/T_7_cloud&sun_.png
  artifactKey: Guid(f0660b05fbd6535418bc2b4696033130) Importer(815301076,1909f56bfc062723c751e8b465ee728b)
Start importing Assets/Clean Vector Icons/T_7_cloud&sun_.png using Guid(f0660b05fbd6535418bc2b4696033130) Importer(815301076,1909f56bfc062723c751e8b465ee728b)  -> (artifact id: '997cca29d701fd58d99f623470d632f7') in 0.025891 seconds 
========================================================================
Received Import Request.
  Time since last request: 0.000254 seconds.
  path: Assets/Clean Vector Icons/T_6_stone_.png
  artifactKey: Guid(7c6c8b4baa5364447a19c7dc2fec3fa3) Importer(815301076,1909f56bfc062723c751e8b465ee728b)
Start importing Assets/Clean Vector Icons/T_6_stone_.png using Guid(7c6c8b4baa5364447a19c7dc2fec3fa3) Importer(815301076,1909f56bfc062723c751e8b465ee728b)  -> (artifact id: 'c04bde8d3037c46aff40b1fcabfdf1ff') in 0.025072 seconds 
========================================================================
Received Import Request.
  Time since last request: 0.000703 seconds.
  path: Assets/Clean Vector Icons/T_7_bottle_heal_.png
  artifactKey: Guid(8747fbd096b50834ab608c29a3c05bcc) Importer(815301076,1909f56bfc062723c751e8b465ee728b)
Start importing Assets/Clean Vector Icons/T_7_bottle_heal_.png using Guid(8747fbd096b50834ab608c29a3c05bcc) Importer(815301076,1909f56bfc062723c751e8b465ee728b)  -> (artifact id: 'e818a15117c9c2772ff6cfd73b9c198d') in 0.024285 seconds 
========================================================================
Received Import Request.
  Time since last request: 0.000296 seconds.
  path: Assets/Clean Vector Icons/T_7_continue_mirror_.png
  artifactKey: Guid(f017e7bcc9f6369459f88b9dd37737d6) Importer(815301076,1909f56bfc062723c751e8b465ee728b)
Start importing Assets/Clean Vector Icons/T_7_continue_mirror_.png using Guid(f017e7bcc9f6369459f88b9dd37737d6) Importer(815301076,1909f56bfc062723c751e8b465ee728b)  -> (artifact id: 'd8d0ae933c3ee78498917d08f18cd69c') in 0.025777 seconds 
========================================================================
Received Import Request.
  Time since last request: 0.000942 seconds.
  path: Assets/Clean Vector Icons/T_7_waraxe_.png
  artifactKey: Guid(2820b2e4880bb924da42e15982d02033) Importer(815301076,1909f56bfc062723c751e8b465ee728b)
Start importing Assets/Clean Vector Icons/T_7_waraxe_.png using Guid(2820b2e4880bb924da42e15982d02033) Importer(815301076,1909f56bfc062723c751e8b465ee728b)  -> (artifact id: 'c5dfb88b2ba4f51f64799c177c4ae20f') in 0.025677 seconds 
========================================================================
Received Import Request.
  Time since last request: 0.000404 seconds.
  path: Assets/Clean Vector Icons/T_7_plant1_.png
  artifactKey: Guid(cc08ccd1cf04a3d43b8d437d087cfc02) Importer(815301076,1909f56bfc062723c751e8b465ee728b)
Start importing Assets/Clean Vector Icons/T_7_plant1_.png using Guid(cc08ccd1cf04a3d43b8d437d087cfc02) Importer(815301076,1909f56bfc062723c751e8b465ee728b)  -> (artifact id: '6c6b8554f7ac7f54b3b3eec92575f251') in 0.029457 seconds 
========================================================================
Received Import Request.
  Time since last request: 0.016799 seconds.
  path: Assets/Clean Vector Icons/T_8_cloud_up_.png
  artifactKey: Guid(238db121647eec74dad1ce3e44168059) Importer(815301076,1909f56bfc062723c751e8b465ee728b)
Start importing Assets/Clean Vector Icons/T_8_cloud_up_.png using Guid(238db121647eec74dad1ce3e44168059) Importer(815301076,1909f56bfc062723c751e8b465ee728b)  -> (artifact id: 'd1e0d22c5b8e811369dc68795d4bc5ba') in 0.025162 seconds 
========================================================================
Received Import Request.
  Time since last request: 0.000505 seconds.
  path: Assets/Clean Vector Icons/T_9_cursor_eye_al_.png
  artifactKey: Guid(849a2438d5e563a4daf827e412d69f46) Importer(815301076,1909f56bfc062723c751e8b465ee728b)
Start importing Assets/Clean Vector Icons/T_9_cursor_eye_al_.png using Guid(849a2438d5e563a4daf827e412d69f46) Importer(815301076,1909f56bfc062723c751e8b465ee728b)  -> (artifact id: '81bb2fbde96289c82c6909e8f37ef51f') in 0.029713 seconds 
========================================================================
Received Import Request.
  Time since last request: 0.000253 seconds.
  path: Assets/Clean Vector Icons/T_8_heart_.png
  artifactKey: Guid(ff540c47ce362b14586113013966b811) Importer(815301076,1909f56bfc062723c751e8b465ee728b)
Start importing Assets/Clean Vector Icons/T_8_heart_.png using Guid(ff540c47ce362b14586113013966b811) Importer(815301076,1909f56bfc062723c751e8b465ee728b)  -> (artifact id: '9145c8255150711914d5a3eecbdcd608') in 0.026346 seconds 
========================================================================
Received Import Request.
  Time since last request: 0.000267 seconds.
  path: Assets/Clean Vector Icons/T_9_bottle_eye_.png
  artifactKey: Guid(4c8c3cce53210f54cacb61dbe4ed20f4) Importer(815301076,1909f56bfc062723c751e8b465ee728b)
Start importing Assets/Clean Vector Icons/T_9_bottle_eye_.png using Guid(4c8c3cce53210f54cacb61dbe4ed20f4) Importer(815301076,1909f56bfc062723c751e8b465ee728b)  -> (artifact id: 'ff608cd5c8bc12e48c75b7a4d5018bad') in 0.028544 seconds 
========================================================================
Received Import Request.
  Time since last request: 0.000194 seconds.
  path: Assets/Clean Vector Icons/T_8_tab_.png
  artifactKey: Guid(64df4b6d7138b2c489e0b9a444cfa521) Importer(815301076,1909f56bfc062723c751e8b465ee728b)
Start importing Assets/Clean Vector Icons/T_8_tab_.png using Guid(64df4b6d7138b2c489e0b9a444cfa521) Importer(815301076,1909f56bfc062723c751e8b465ee728b)  -> (artifact id: 'f92be6e2922333efc54520463e96b50e') in 0.023857 seconds 
========================================================================
Received Import Request.
  Time since last request: 0.000226 seconds.
  path: Assets/Clean Vector Icons/T_9_eye_.png
  artifactKey: Guid(77f8fc7d6918e844a8954d665ca1a6b1) Importer(815301076,1909f56bfc062723c751e8b465ee728b)
Start importing Assets/Clean Vector Icons/T_9_eye_.png using Guid(77f8fc7d6918e844a8954d665ca1a6b1) Importer(815301076,1909f56bfc062723c751e8b465ee728b)  -> (artifact id: '216a37eb042f797cc3306acbaf9dfc2d') in 0.036872 seconds 
========================================================================
Received Import Request.
  Time since last request: 0.000270 seconds.
  path: Assets/Clean Vector Icons/T_8_staff_.png
  artifactKey: Guid(798a0192e5e2a1c45a1f6786703af909) Importer(815301076,1909f56bfc062723c751e8b465ee728b)
Start importing Assets/Clean Vector Icons/T_8_staff_.png using Guid(798a0192e5e2a1c45a1f6786703af909) Importer(815301076,1909f56bfc062723c751e8b465ee728b)  -> (artifact id: '4a04999aa82167b84cd4674dfc0bf014') in 0.025333 seconds 
========================================================================
Received Import Request.
  Time since last request: 0.000260 seconds.
  path: Assets/Clean Vector Icons/T_8_cursor_heart_al_.png
  artifactKey: Guid(8a683839c9f315c40a5614bea92d3237) Importer(815301076,1909f56bfc062723c751e8b465ee728b)
Start importing Assets/Clean Vector Icons/T_8_cursor_heart_al_.png using Guid(8a683839c9f315c40a5614bea92d3237) Importer(815301076,1909f56bfc062723c751e8b465ee728b)  -> (artifact id: 'f6ae9a4c09195b0e7cf9f98c34941937') in 0.025965 seconds 
========================================================================
Received Import Request.
  Time since last request: 0.000257 seconds.
  path: Assets/Clean Vector Icons/T_9_cloud_down_.png
  artifactKey: Guid(f4e49bb7005427c4fac854d6d05fcb4e) Importer(815301076,1909f56bfc062723c751e8b465ee728b)
Start importing Assets/Clean Vector Icons/T_9_cloud_down_.png using Guid(f4e49bb7005427c4fac854d6d05fcb4e) Importer(815301076,1909f56bfc062723c751e8b465ee728b)  -> (artifact id: '81ef5ed9feb75e34dbc7d2eee660c4ba') in 0.027720 seconds 
========================================================================
Received Import Request.
  Time since last request: 0.000229 seconds.
  path: Assets/Clean Vector Icons/T_8_plant2_.png
  artifactKey: Guid(434b9ec91260129489414ae404c6e3fc) Importer(815301076,1909f56bfc062723c751e8b465ee728b)
Start importing Assets/Clean Vector Icons/T_8_plant2_.png using Guid(434b9ec91260129489414ae404c6e3fc) Importer(815301076,1909f56bfc062723c751e8b465ee728b)  -> (artifact id: '51bd8d9f88750d2cdec4525d7e564f3b') in 0.027210 seconds 
========================================================================
Received Import Request.
  Time since last request: 0.000278 seconds.
  path: Assets/Clean Vector Icons/T_8_pause_.png
  artifactKey: Guid(a1bda28f797f71c4db09f6a0d4af4759) Importer(815301076,1909f56bfc062723c751e8b465ee728b)
Start importing Assets/Clean Vector Icons/T_8_pause_.png using Guid(a1bda28f797f71c4db09f6a0d4af4759) Importer(815301076,1909f56bfc062723c751e8b465ee728b)  -> (artifact id: 'c9e491da7802c09b6295f9b4727c280d') in 0.025812 seconds 
========================================================================
Received Import Request.
  Time since last request: 0.000493 seconds.
  path: Assets/Clean Vector Icons/T_9_silhouette_+_.png
  artifactKey: Guid(5639e7536f629884f907d06a418a7da6) Importer(815301076,1909f56bfc062723c751e8b465ee728b)
Start importing Assets/Clean Vector Icons/T_9_silhouette_+_.png using Guid(5639e7536f629884f907d06a418a7da6) Importer(815301076,1909f56bfc062723c751e8b465ee728b)  -> (artifact id: '55a4521fa551cb034d3a50c60ce13aaf') in 0.026382 seconds 
========================================================================
Received Import Request.
  Time since last request: 0.000292 seconds.
  path: Assets/Clean Vector Icons/T_10_cursor_!_al_.png
  artifactKey: Guid(8589811d8f6629443ad2c9be7e027110) Importer(815301076,1909f56bfc062723c751e8b465ee728b)
Start importing Assets/Clean Vector Icons/T_10_cursor_!_al_.png using Guid(8589811d8f6629443ad2c9be7e027110) Importer(815301076,1909f56bfc062723c751e8b465ee728b)  -> (artifact id: '3efb298ca57f550bd229c9d03ea059fd') in 0.026395 seconds 
========================================================================
Received Import Request.
  Time since last request: 0.000211 seconds.
  path: Assets/Clean Vector Icons/T_10_silhouette_-_.png
  artifactKey: Guid(d31cd83b42bb4ca4cabe4cddecc06c4d) Importer(815301076,1909f56bfc062723c751e8b465ee728b)
Start importing Assets/Clean Vector Icons/T_10_silhouette_-_.png using Guid(d31cd83b42bb4ca4cabe4cddecc06c4d) Importer(815301076,1909f56bfc062723c751e8b465ee728b)  -> (artifact id: '09ca2e4ab0c8262394e480c9b6cf207a') in 0.029013 seconds 
========================================================================
Received Import Request.
  Time since last request: 0.000722 seconds.
  path: Assets/Clean Vector Icons/T_10_hammer_.png
  artifactKey: Guid(7dfd68325eeac354d866d207e4d2744c) Importer(815301076,1909f56bfc062723c751e8b465ee728b)
Start importing Assets/Clean Vector Icons/T_10_hammer_.png using Guid(7dfd68325eeac354d866d207e4d2744c) Importer(815301076,1909f56bfc062723c751e8b465ee728b)  -> (artifact id: 'd49f8f7d3402014993bafb6c3a319c9f') in 0.023486 seconds 
========================================================================
Received Import Request.
  Time since last request: 0.000263 seconds.
  path: Assets/Clean Vector Icons/T_10_arrow_rounded_down_.png
  artifactKey: Guid(40bc671eec4518e4493b412f42d18029) Importer(815301076,1909f56bfc062723c751e8b465ee728b)
Start importing Assets/Clean Vector Icons/T_10_arrow_rounded_down_.png using Guid(40bc671eec4518e4493b412f42d18029) Importer(815301076,1909f56bfc062723c751e8b465ee728b)  -> (artifact id: '3079f9ceb8f97b6d6d10069ba9dc9d24') in 0.026149 seconds 
========================================================================
Received Import Request.
  Time since last request: 0.000291 seconds.
  path: Assets/Clean Vector Icons/T_9_plant3_.png
  artifactKey: Guid(e6d90fea7c6f7be4fb361575b0b18ab6) Importer(815301076,1909f56bfc062723c751e8b465ee728b)
Start importing Assets/Clean Vector Icons/T_9_plant3_.png using Guid(e6d90fea7c6f7be4fb361575b0b18ab6) Importer(815301076,1909f56bfc062723c751e8b465ee728b)  -> (artifact id: '9767e1cbdae9a46bf0cead77d235c339') in 0.026445 seconds 
========================================================================
Received Import Request.
  Time since last request: 0.000194 seconds.
  path: Assets/Clean Vector Icons/T_10_hand_fire_.png
  artifactKey: Guid(9c1bd758ff5093a428bf7013bb9aac33) Importer(815301076,1909f56bfc062723c751e8b465ee728b)
Start importing Assets/Clean Vector Icons/T_10_hand_fire_.png using Guid(9c1bd758ff5093a428bf7013bb9aac33) Importer(815301076,1909f56bfc062723c751e8b465ee728b)  -> (artifact id: 'f7335288a244aced831713314964dbeb') in 0.032550 seconds 
========================================================================
Received Import Request.
  Time since last request: 0.000311 seconds.
  path: Assets/Clean Vector Icons/T_9_next_.png
  artifactKey: Guid(6707ba99377107d46a8f396f7aa37bd9) Importer(815301076,1909f56bfc062723c751e8b465ee728b)
Start importing Assets/Clean Vector Icons/T_9_next_.png using Guid(6707ba99377107d46a8f396f7aa37bd9) Importer(815301076,1909f56bfc062723c751e8b465ee728b)  -> (artifact id: '24d04680d2c2a7d522e06d302a2cba48') in 0.026006 seconds 
========================================================================
Received Import Request.
  Time since last request: 0.000102 seconds.
  path: Assets/Clean Vector Icons/T_9_kunai_.png
  artifactKey: Guid(9b0be4ef9a8e4b34eaa96ebc919f52a0) Importer(815301076,1909f56bfc062723c751e8b465ee728b)
Start importing Assets/Clean Vector Icons/T_9_kunai_.png using Guid(9b0be4ef9a8e4b34eaa96ebc919f52a0) Importer(815301076,1909f56bfc062723c751e8b465ee728b)  -> (artifact id: 'cc6c514047356e12777268d936a83056') in 0.025493 seconds 
========================================================================
Received Import Request.
  Time since last request: 0.000216 seconds.
  path: Assets/Clean Vector Icons/T_9_arrow_rounded_up_.png
  artifactKey: Guid(5ed54572ef0354241b7f1ec43d869ad3) Importer(815301076,1909f56bfc062723c751e8b465ee728b)
Start importing Assets/Clean Vector Icons/T_9_arrow_rounded_up_.png using Guid(5ed54572ef0354241b7f1ec43d869ad3) Importer(815301076,1909f56bfc062723c751e8b465ee728b)  -> (artifact id: 'c7ea178ae115ea73d3b8f6595f257b63') in 0.033165 seconds 
========================================================================
Received Import Request.
  Time since last request: 0.000261 seconds.
  path: Assets/Clean Vector Icons/T_12_arrow_rounded_right_.png
  artifactKey: Guid(98a4af8159bbcd245af2cdf358f3d4ba) Importer(815301076,1909f56bfc062723c751e8b465ee728b)
Start importing Assets/Clean Vector Icons/T_12_arrow_rounded_right_.png using Guid(98a4af8159bbcd245af2cdf358f3d4ba) Importer(815301076,1909f56bfc062723c751e8b465ee728b)  -> (artifact id: '63604f89217b61aa741c6aed3b63a61e') in 0.025193 seconds 
========================================================================
Received Import Request.
  Time since last request: 0.000111 seconds.
  path: Assets/Clean Vector Icons/T_11_star_.png
  artifactKey: Guid(bef29bce6ed719f4a946d25ac181f8bd) Importer(815301076,1909f56bfc062723c751e8b465ee728b)
Start importing Assets/Clean Vector Icons/T_11_star_.png using Guid(bef29bce6ed719f4a946d25ac181f8bd) Importer(815301076,1909f56bfc062723c751e8b465ee728b)  -> (artifact id: '325b0fffda7702faef284bcee5370fb2') in 0.029763 seconds 
========================================================================
Received Import Request.
  Time since last request: 0.000247 seconds.
  path: Assets/Clean Vector Icons/T_12_spit_.png
  artifactKey: Guid(2c4df9274f4db1f4eb7118e0b06c4554) Importer(815301076,1909f56bfc062723c751e8b465ee728b)
Start importing Assets/Clean Vector Icons/T_12_spit_.png using Guid(2c4df9274f4db1f4eb7118e0b06c4554) Importer(815301076,1909f56bfc062723c751e8b465ee728b)  -> (artifact id: 'dd880470c34922b65aec3edc26ffcf7b') in 0.028340 seconds 
========================================================================
Received Import Request.
  Time since last request: 0.000244 seconds.
  path: Assets/Clean Vector Icons/T_14_wrench_.png
  artifactKey: Guid(93af7b787a2d66e468add73213a37970) Importer(815301076,1909f56bfc062723c751e8b465ee728b)
Start importing Assets/Clean Vector Icons/T_14_wrench_.png using Guid(93af7b787a2d66e468add73213a37970) Importer(815301076,1909f56bfc062723c751e8b465ee728b)  -> (artifact id: '0e1eec756b317645f7abd072b46f5f39') in 0.028302 seconds 
========================================================================
Received Import Request.
  Time since last request: 0.000249 seconds.
  path: Assets/Clean Vector Icons/T_14_key_.png
  artifactKey: Guid(71c2aae20a433fc498da71248e974a9c) Importer(815301076,1909f56bfc062723c751e8b465ee728b)
Start importing Assets/Clean Vector Icons/T_14_key_.png using Guid(71c2aae20a433fc498da71248e974a9c) Importer(815301076,1909f56bfc062723c751e8b465ee728b)  -> (artifact id: '99ec703726f6cf29672032334ff34c86') in 0.027619 seconds 
========================================================================
Received Import Request.
  Time since last request: 0.000254 seconds.
  path: Assets/Clean Vector Icons/T_11_cursor_star_al_.png
  artifactKey: Guid(fd412bdeb18902443bbb05cc2ec604e4) Importer(815301076,1909f56bfc062723c751e8b465ee728b)
Start importing Assets/Clean Vector Icons/T_11_cursor_star_al_.png using Guid(fd412bdeb18902443bbb05cc2ec604e4) Importer(815301076,1909f56bfc062723c751e8b465ee728b)  -> (artifact id: '50f91be0c80d8cb49fcc92283cacc529') in 0.025539 seconds 
========================================================================
Received Import Request.
  Time since last request: 0.000261 seconds.
  path: Assets/Clean Vector Icons/T_11_home_.png
  artifactKey: Guid(825217937f322d7478e479dbe4637748) Importer(815301076,1909f56bfc062723c751e8b465ee728b)
Start importing Assets/Clean Vector Icons/T_11_home_.png using Guid(825217937f322d7478e479dbe4637748) Importer(815301076,1909f56bfc062723c751e8b465ee728b)  -> (artifact id: 'fcefd87112a9558bf70da68eca28669f') in 0.027911 seconds 
========================================================================
Received Import Request.
  Time since last request: 0.000241 seconds.
  path: Assets/Clean Vector Icons/T_13_arrow_down_.png
  artifactKey: Guid(d724c83101b47ad43abf30523da96025) Importer(815301076,1909f56bfc062723c751e8b465ee728b)
Start importing Assets/Clean Vector Icons/T_13_arrow_down_.png using Guid(d724c83101b47ad43abf30523da96025) Importer(815301076,1909f56bfc062723c751e8b465ee728b)  -> (artifact id: 'af27bbcb2ea11ae5ee26a8d9d36d371f') in 0.027092 seconds 
========================================================================
Received Import Request.
  Time since last request: 0.000225 seconds.
  path: Assets/Clean Vector Icons/T_15_beer_.png
  artifactKey: Guid(72ab64089a5d479418dd109d905e40de) Importer(815301076,1909f56bfc062723c751e8b465ee728b)
Start importing Assets/Clean Vector Icons/T_15_beer_.png using Guid(72ab64089a5d479418dd109d905e40de) Importer(815301076,1909f56bfc062723c751e8b465ee728b)  -> (artifact id: '30ffa683529d06ec69de58abe6d4be30') in 0.030913 seconds 
========================================================================
Received Import Request.
  Time since last request: 0.000574 seconds.
  path: Assets/Clean Vector Icons/T_11_pickaxe_.png
  artifactKey: Guid(0138ff996cf7410479c3dfffa5472ee1) Importer(815301076,1909f56bfc062723c751e8b465ee728b)
Start importing Assets/Clean Vector Icons/T_11_pickaxe_.png using Guid(0138ff996cf7410479c3dfffa5472ee1) Importer(815301076,1909f56bfc062723c751e8b465ee728b)  -> (artifact id: '6a0fc86d2c614670edc6b8ed5438738c') in 0.027159 seconds 
========================================================================
Received Import Request.
  Time since last request: 0.000228 seconds.
  path: Assets/Clean Vector Icons/T_11_silhouette_heart_.png
  artifactKey: Guid(eefd57e8b57cd814ebc86925f3a4a109) Importer(815301076,1909f56bfc062723c751e8b465ee728b)
Start importing Assets/Clean Vector Icons/T_11_silhouette_heart_.png using Guid(eefd57e8b57cd814ebc86925f3a4a109) Importer(815301076,1909f56bfc062723c751e8b465ee728b)  -> (artifact id: '0f4df259ab57f9e0b9a92bfc82b006f5') in 0.028682 seconds 
========================================================================
Received Import Request.
  Time since last request: 0.000217 seconds.
  path: Assets/Clean Vector Icons/T_13_campfire_.png
  artifactKey: Guid(8c500d54ff99a5546a4409724f9b5579) Importer(815301076,1909f56bfc062723c751e8b465ee728b)
Start importing Assets/Clean Vector Icons/T_13_campfire_.png using Guid(8c500d54ff99a5546a4409724f9b5579) Importer(815301076,1909f56bfc062723c751e8b465ee728b)  -> (artifact id: 'fe6bcb1d84bd8e6bd1ded9d9759c8160') in 0.027346 seconds 
========================================================================
Received Import Request.
  Time since last request: 0.000209 seconds.
  path: Assets/Clean Vector Icons/T_12_tent_.png
  artifactKey: Guid(bf693fa78bbee3c4088f8993ac382f69) Importer(815301076,1909f56bfc062723c751e8b465ee728b)
Start importing Assets/Clean Vector Icons/T_12_tent_.png using Guid(bf693fa78bbee3c4088f8993ac382f69) Importer(815301076,1909f56bfc062723c751e8b465ee728b)  -> (artifact id: 'a4ea317155bb88d2c0fe71892625d69f') in 0.029951 seconds 
========================================================================
Received Import Request.
  Time since last request: 0.000491 seconds.
  path: Assets/Clean Vector Icons/T_12_arrow_up_.png
  artifactKey: Guid(1e7f9fb99b91974448556c2de2bbd72d) Importer(815301076,1909f56bfc062723c751e8b465ee728b)
Start importing Assets/Clean Vector Icons/T_12_arrow_up_.png using Guid(1e7f9fb99b91974448556c2de2bbd72d) Importer(815301076,1909f56bfc062723c751e8b465ee728b)  -> (artifact id: '800e0d5052986c171ff92a8d5471a736') in 0.025880 seconds 
========================================================================
Received Import Request.
  Time since last request: 0.000287 seconds.
  path: Assets/Clean Vector Icons/T_8_silhouette_.png
  artifactKey: Guid(72cdd1b1bb49d5f47bd5d2b3ecd3e851) Importer(815301076,1909f56bfc062723c751e8b465ee728b)
Start importing Assets/Clean Vector Icons/T_8_silhouette_.png using Guid(72cdd1b1bb49d5f47bd5d2b3ecd3e851) Importer(815301076,1909f56bfc062723c751e8b465ee728b)  -> (artifact id: '43951d2ce0ade48ec2c540908530d313') in 0.026704 seconds 
========================================================================
Received Import Request.
  Time since last request: 0.000226 seconds.
  path: Assets/Clean Vector Icons/T_12_ok_.png
  artifactKey: Guid(de50d1f4106f65545921a17c92cf0250) Importer(815301076,1909f56bfc062723c751e8b465ee728b)
Start importing Assets/Clean Vector Icons/T_12_ok_.png using Guid(de50d1f4106f65545921a17c92cf0250) Importer(815301076,1909f56bfc062723c751e8b465ee728b)  -> (artifact id: '2180038c60fca4012e341fab515d3471') in 0.025964 seconds 
========================================================================
Received Import Request.
  Time since last request: 0.000310 seconds.
  path: Assets/Clean Vector Icons/T_12_cursor_arrow_up_al_.png
  artifactKey: Guid(038a1aff6e6b8f04a8ca8e29722edf4f) Importer(815301076,1909f56bfc062723c751e8b465ee728b)
Start importing Assets/Clean Vector Icons/T_12_cursor_arrow_up_al_.png using Guid(038a1aff6e6b8f04a8ca8e29722edf4f) Importer(815301076,1909f56bfc062723c751e8b465ee728b)  -> (artifact id: '3b9791c1760eb9bf783ad38c023da069') in 0.023436 seconds 
========================================================================
Received Import Request.
  Time since last request: 0.000219 seconds.
  path: Assets/Clean Vector Icons/T_9_flag_.png
  artifactKey: Guid(57a57e5de7a11a945a125ef4383fe3e1) Importer(815301076,1909f56bfc062723c751e8b465ee728b)
Start importing Assets/Clean Vector Icons/T_9_flag_.png using Guid(57a57e5de7a11a945a125ef4383fe3e1) Importer(815301076,1909f56bfc062723c751e8b465ee728b)  -> (artifact id: 'c03ee7d35ae5dbefd76e43d01d0c1d7b') in 0.025403 seconds 
========================================================================
Received Import Request.
  Time since last request: 0.000710 seconds.
  path: Assets/Clean Vector Icons/T_10_flag_destroyed_.png
  artifactKey: Guid(2f5ddc8f7d908a24eba2215be6500082) Importer(815301076,1909f56bfc062723c751e8b465ee728b)
Start importing Assets/Clean Vector Icons/T_10_flag_destroyed_.png using Guid(2f5ddc8f7d908a24eba2215be6500082) Importer(815301076,1909f56bfc062723c751e8b465ee728b)  -> (artifact id: 'a2ff33825476a95726527b1ec36647f4') in 0.026377 seconds 
========================================================================
Received Import Request.
  Time since last request: 0.000205 seconds.
  path: Assets/Clean Vector Icons/T_13_cursor_arrow_down_al_.png
  artifactKey: Guid(aaa9d832f967d2c4f863066eaf3a277e) Importer(815301076,1909f56bfc062723c751e8b465ee728b)
Start importing Assets/Clean Vector Icons/T_13_cursor_arrow_down_al_.png using Guid(aaa9d832f967d2c4f863066eaf3a277e) Importer(815301076,1909f56bfc062723c751e8b465ee728b)  -> (artifact id: '51b0d742faa8681c01cb021da9a07742') in 0.024756 seconds 
========================================================================
Received Import Request.
  Time since last request: 0.000230 seconds.
  path: Assets/Clean Vector Icons/T_10_rain_cloud_.png
  artifactKey: Guid(bdbbd192cba22224396018366d28f41e) Importer(815301076,1909f56bfc062723c751e8b465ee728b)
Start importing Assets/Clean Vector Icons/T_10_rain_cloud_.png using Guid(bdbbd192cba22224396018366d28f41e) Importer(815301076,1909f56bfc062723c751e8b465ee728b)  -> (artifact id: 'bd91db815e62aa896bd9eb1092712501') in 0.025022 seconds 
========================================================================
Received Import Request.
  Time since last request: 0.000289 seconds.
  path: Assets/Clean Vector Icons/T_11_no_.png
  artifactKey: Guid(4d2a4136ebef6f041b43fdca42412caa) Importer(815301076,1909f56bfc062723c751e8b465ee728b)
Start importing Assets/Clean Vector Icons/T_11_no_.png using Guid(4d2a4136ebef6f041b43fdca42412caa) Importer(815301076,1909f56bfc062723c751e8b465ee728b)  -> (artifact id: '4dcfeb3b5d08086a594f80849dc3423a') in 0.024703 seconds 
========================================================================
Received Import Request.
  Time since last request: 0.000215 seconds.
  path: Assets/Clean Vector Icons/T_13_axe_.png
  artifactKey: Guid(b3a100d8344187049b3f8b5c9e5aba88) Importer(815301076,1909f56bfc062723c751e8b465ee728b)
Start importing Assets/Clean Vector Icons/T_13_axe_.png using Guid(b3a100d8344187049b3f8b5c9e5aba88) Importer(815301076,1909f56bfc062723c751e8b465ee728b)  -> (artifact id: 'fd99f965980741891e779ead2d2e96b2') in 0.026860 seconds 
========================================================================
Received Import Request.
  Time since last request: 0.000369 seconds.
  path: Assets/Clean Vector Icons/T_13_points_ver_.png
  artifactKey: Guid(4ddc3c228fdfb984eb497be43e4b91b8) Importer(815301076,1909f56bfc062723c751e8b465ee728b)
Start importing Assets/Clean Vector Icons/T_13_points_ver_.png using Guid(4ddc3c228fdfb984eb497be43e4b91b8) Importer(815301076,1909f56bfc062723c751e8b465ee728b)  -> (artifact id: '18a21a7d6b5257868ffecfbc2b1458ca') in 0.031930 seconds 
========================================================================
Received Import Request.
  Time since last request: 0.000340 seconds.
  path: Assets/Clean Vector Icons/T_10_previoust_.png
  artifactKey: Guid(1778841fd5637f740a839005de890124) Importer(815301076,1909f56bfc062723c751e8b465ee728b)
Start importing Assets/Clean Vector Icons/T_10_previoust_.png using Guid(1778841fd5637f740a839005de890124) Importer(815301076,1909f56bfc062723c751e8b465ee728b)  -> (artifact id: '4603f5a69eec1bcb26c727cd9d14f129') in 0.024000 seconds 
========================================================================
Received Import Request.
  Time since last request: 0.000273 seconds.
  path: Assets/Clean Vector Icons/T_10_!_.png
  artifactKey: Guid(3e382c1295a11054dacdc58d5933d206) Importer(815301076,1909f56bfc062723c751e8b465ee728b)
Start importing Assets/Clean Vector Icons/T_10_!_.png using Guid(3e382c1295a11054dacdc58d5933d206) Importer(815301076,1909f56bfc062723c751e8b465ee728b)  -> (artifact id: '5f7b39de63c18ca3f9c4cf03638444c4') in 0.033452 seconds 
========================================================================
Received Import Request.
  Time since last request: 0.000210 seconds.
  path: Assets/Clean Vector Icons/T_11_arrow_rounded_left_.png
  artifactKey: Guid(c342a02c1ec59764ab8c5f2892c2928b) Importer(815301076,1909f56bfc062723c751e8b465ee728b)
Start importing Assets/Clean Vector Icons/T_11_arrow_rounded_left_.png using Guid(c342a02c1ec59764ab8c5f2892c2928b) Importer(815301076,1909f56bfc062723c751e8b465ee728b)  -> (artifact id: 'f5cb82dd8eeb688c49f8d1495bb03fcc') in 0.026510 seconds 
========================================================================
Received Import Request.
  Time since last request: 0.000229 seconds.
  path: Assets/Clean Vector Icons/T_14_points_hor_.png
  artifactKey: Guid(c6ba52c3e8af5b341995cc343e85e4a0) Importer(815301076,1909f56bfc062723c751e8b465ee728b)
Start importing Assets/Clean Vector Icons/T_14_points_hor_.png using Guid(c6ba52c3e8af5b341995cc343e85e4a0) Importer(815301076,1909f56bfc062723c751e8b465ee728b)  -> (artifact id: '8409f5dae05a51ad6f1a9c931e3e32ac') in 0.023611 seconds 
========================================================================
Received Import Request.
  Time since last request: 0.925734 seconds.
  path: Assets/Clean Vector Icons/T_15_list_.png
  artifactKey: Guid(32a4f33563139ce4da97630a9d7a3722) Importer(815301076,1909f56bfc062723c751e8b465ee728b)
Start importing Assets/Clean Vector Icons/T_15_list_.png using Guid(32a4f33563139ce4da97630a9d7a3722) Importer(815301076,1909f56bfc062723c751e8b465ee728b)  -> (artifact id: '49de7a6132847c149c3412012ed26a0f') in 0.027452 seconds 
========================================================================
Received Import Request.
  Time since last request: 0.000273 seconds.
  path: Assets/Clean Vector Icons/T_23_gear_.png
  artifactKey: Guid(9a58f5069a59d1644b55a5aadc5dd58b) Importer(815301076,1909f56bfc062723c751e8b465ee728b)
Start importing Assets/Clean Vector Icons/T_23_gear_.png using Guid(9a58f5069a59d1644b55a5aadc5dd58b) Importer(815301076,1909f56bfc062723c751e8b465ee728b)  -> (artifact id: 'cf47d26a2f34b46dd5c0f5a218b236b1') in 0.028375 seconds 
========================================================================
Received Import Request.
  Time since last request: 0.000296 seconds.
  path: Assets/Clean Vector Icons/T_21_doorlock_close_.png
  artifactKey: Guid(314683cca5e417b43924e07f86de60c9) Importer(815301076,1909f56bfc062723c751e8b465ee728b)
Start importing Assets/Clean Vector Icons/T_21_doorlock_close_.png using Guid(314683cca5e417b43924e07f86de60c9) Importer(815301076,1909f56bfc062723c751e8b465ee728b)  -> (artifact id: '1aa78258467627f8db48c1f268deb961') in 0.027826 seconds 
========================================================================
Received Import Request.
  Time since last request: 0.000526 seconds.
  path: Assets/Clean Vector Icons/T_28_bread_.png
  artifactKey: Guid(b915a7ee8a2712a43a9ed2e24541c454) Importer(815301076,1909f56bfc062723c751e8b465ee728b)
Start importing Assets/Clean Vector Icons/T_28_bread_.png using Guid(b915a7ee8a2712a43a9ed2e24541c454) Importer(815301076,1909f56bfc062723c751e8b465ee728b)  -> (artifact id: 'f424af0b79cc7bf9c5aa5cd39fbb869f') in 0.028921 seconds 
========================================================================
Received Import Request.
  Time since last request: 0.000250 seconds.
  path: Assets/Clean Vector Icons/T_25_compas_.png
  artifactKey: Guid(fa2077f29659ea042b6a6d4073a1e799) Importer(815301076,1909f56bfc062723c751e8b465ee728b)
Start importing Assets/Clean Vector Icons/T_25_compas_.png using Guid(fa2077f29659ea042b6a6d4073a1e799) Importer(815301076,1909f56bfc062723c751e8b465ee728b)  -> (artifact id: 'f29b51c2ab8bc29b5b06e5ed68583d62') in 0.028966 seconds 
========================================================================
Received Import Request.
  Time since last request: 0.000249 seconds.
  path: Assets/Clean Vector Icons/T_22_doorlock_open_.png
  artifactKey: Guid(c6c47a3be151e3a49b453e77e8c8ad08) Importer(815301076,1909f56bfc062723c751e8b465ee728b)
Start importing Assets/Clean Vector Icons/T_22_doorlock_open_.png using Guid(c6c47a3be151e3a49b453e77e8c8ad08) Importer(815301076,1909f56bfc062723c751e8b465ee728b)  -> (artifact id: '0220454e3c87f1ee071028b595937919') in 0.027493 seconds 
========================================================================
Received Import Request.
  Time since last request: 0.000238 seconds.
  path: Assets/Clean Vector Icons/T_18_medal_first_.png
  artifactKey: Guid(8c6c5cadf2600cc43b004355565fb20c) Importer(815301076,1909f56bfc062723c751e8b465ee728b)
Start importing Assets/Clean Vector Icons/T_18_medal_first_.png using Guid(8c6c5cadf2600cc43b004355565fb20c) Importer(815301076,1909f56bfc062723c751e8b465ee728b)  -> (artifact id: '5c2138d552e342d2610873462eb897e2') in 0.026617 seconds 
========================================================================
Received Import Request.
  Time since last request: 0.000248 seconds.
  path: Assets/Clean Vector Icons/T_26_clock_.png
  artifactKey: Guid(ea4fcfc6c39de3047a90ef3617f5e431) Importer(815301076,1909f56bfc062723c751e8b465ee728b)
Start importing Assets/Clean Vector Icons/T_26_clock_.png using Guid(ea4fcfc6c39de3047a90ef3617f5e431) Importer(815301076,1909f56bfc062723c751e8b465ee728b)  -> (artifact id: 'c80405225d1473d9e29111afb2a00c47') in 0.031414 seconds 
========================================================================
Received Import Request.
  Time since last request: 0.000187 seconds.
  path: Assets/Clean Vector Icons/T_16_crown_.png
  artifactKey: Guid(dba0c48d5a7e35f4bb87f2e8b57499d0) Importer(815301076,1909f56bfc062723c751e8b465ee728b)
Start importing Assets/Clean Vector Icons/T_16_crown_.png using Guid(dba0c48d5a7e35f4bb87f2e8b57499d0) Importer(815301076,1909f56bfc062723c751e8b465ee728b)  -> (artifact id: '73c4053b245dfe90f132336676658e84') in 0.028632 seconds 
========================================================================
Received Import Request.
  Time since last request: 0.000334 seconds.
  path: Assets/Clean Vector Icons/T_18_next2_.png
  artifactKey: Guid(27f0ae5f9f59faa49b5f2d3caa5d157c) Importer(815301076,1909f56bfc062723c751e8b465ee728b)
Start importing Assets/Clean Vector Icons/T_18_next2_.png using Guid(27f0ae5f9f59faa49b5f2d3caa5d157c) Importer(815301076,1909f56bfc062723c751e8b465ee728b)  -> (artifact id: 'd150bc63bc8bbc611561e4c6402f855c') in 0.025190 seconds 
========================================================================
Received Import Request.
  Time since last request: 0.000208 seconds.
  path: Assets/Clean Vector Icons/T_17_message_points_.png
  artifactKey: Guid(c8e927090ec80f74599f34a1441516d2) Importer(815301076,1909f56bfc062723c751e8b465ee728b)
Start importing Assets/Clean Vector Icons/T_17_message_points_.png using Guid(c8e927090ec80f74599f34a1441516d2) Importer(815301076,1909f56bfc062723c751e8b465ee728b)  -> (artifact id: 'b1e5568369d321af76bea41256ceeede') in 0.025594 seconds 
========================================================================
Received Import Request.
  Time since last request: 0.000214 seconds.
  path: Assets/Clean Vector Icons/T_16_message_.png
  artifactKey: Guid(cb7ca257a8138af498d6bd8fe71bbbf5) Importer(815301076,1909f56bfc062723c751e8b465ee728b)
Start importing Assets/Clean Vector Icons/T_16_message_.png using Guid(cb7ca257a8138af498d6bd8fe71bbbf5) Importer(815301076,1909f56bfc062723c751e8b465ee728b)  -> (artifact id: 'fd3515190da0e85d630bd3c75d529ed9') in 0.029775 seconds 
========================================================================
Received Import Request.
  Time since last request: 0.000249 seconds.
  path: Assets/Clean Vector Icons/T_20_stop_.png
  artifactKey: Guid(f050b492e03119344b04cf01a3486662) Importer(815301076,1909f56bfc062723c751e8b465ee728b)
Start importing Assets/Clean Vector Icons/T_20_stop_.png using Guid(f050b492e03119344b04cf01a3486662) Importer(815301076,1909f56bfc062723c751e8b465ee728b)  -> (artifact id: 'c08a47b34772b8fe4008fb3948259c80') in 0.026299 seconds 
========================================================================
Received Import Request.
  Time since last request: 0.000268 seconds.
  path: Assets/Clean Vector Icons/T_24_diamond_.png
  artifactKey: Guid(c9f0cc0739579d541a08ac2c78d3e605) Importer(815301076,1909f56bfc062723c751e8b465ee728b)
Start importing Assets/Clean Vector Icons/T_24_diamond_.png using Guid(c9f0cc0739579d541a08ac2c78d3e605) Importer(815301076,1909f56bfc062723c751e8b465ee728b)  -> (artifact id: 'c9685e95b7ce1eac4a28f88713a89732') in 0.026741 seconds 
========================================================================
Received Import Request.
  Time since last request: 0.000280 seconds.
  path: Assets/Clean Vector Icons/T_19_medal_second_.png
  artifactKey: Guid(073de9e27afe2a644bb5e5d7ae711591) Importer(815301076,1909f56bfc062723c751e8b465ee728b)
Start importing Assets/Clean Vector Icons/T_19_medal_second_.png using Guid(073de9e27afe2a644bb5e5d7ae711591) Importer(815301076,1909f56bfc062723c751e8b465ee728b)  -> (artifact id: '552818fbff419629d48b0e6fbd114758') in 0.028452 seconds 
========================================================================
Received Import Request.
  Time since last request: 0.000309 seconds.
  path: Assets/Clean Vector Icons/T_19_previoust2_.png
  artifactKey: Guid(ce5dfcf0b45530443bd2fbf805c38d52) Importer(815301076,1909f56bfc062723c751e8b465ee728b)
Start importing Assets/Clean Vector Icons/T_19_previoust2_.png using Guid(ce5dfcf0b45530443bd2fbf805c38d52) Importer(815301076,1909f56bfc062723c751e8b465ee728b)  -> (artifact id: 'bdaead0fc65420fb805ce6cb87c45a70') in 0.023804 seconds 
========================================================================
Received Import Request.
  Time since last request: 0.000218 seconds.
  path: Assets/Clean Vector Icons/T_17_medal_star_.png
  artifactKey: Guid(7cfcc6c1dda63e349915e75ac5579034) Importer(815301076,1909f56bfc062723c751e8b465ee728b)
Start importing Assets/Clean Vector Icons/T_17_medal_star_.png using Guid(7cfcc6c1dda63e349915e75ac5579034) Importer(815301076,1909f56bfc062723c751e8b465ee728b)  -> (artifact id: 'eaae6932e3dfa26033db3b9182c6414b') in 0.025472 seconds 
========================================================================
Received Import Request.
  Time since last request: 0.000207 seconds.
  path: Assets/Clean Vector Icons/T_20_medal_third_.png
  artifactKey: Guid(da0383a1e92f2c848be282995c8cbe71) Importer(815301076,1909f56bfc062723c751e8b465ee728b)
Start importing Assets/Clean Vector Icons/T_20_medal_third_.png using Guid(da0383a1e92f2c848be282995c8cbe71) Importer(815301076,1909f56bfc062723c751e8b465ee728b)  -> (artifact id: '1bd564c659d64706cc68638d11ab1fce') in 0.027299 seconds 
========================================================================
Received Import Request.
  Time since last request: 2.560224 seconds.
  path: Assets/Clean Vector Icons/Demo.unity
  artifactKey: Guid(47d67705beabd364cb01a2b843cacba6) Importer(815301076,1909f56bfc062723c751e8b465ee728b)
Start importing Assets/Clean Vector Icons/Demo.unity using Guid(47d67705beabd364cb01a2b843cacba6) Importer(815301076,1909f56bfc062723c751e8b465ee728b)  -> (artifact id: '585aef420f21a20ce6b4e36d9e855674') in 0.006733 seconds 
========================================================================
Received Import Request.
  Time since last request: 15.199576 seconds.
  path: Assets/Clean Vector Icons/Update
  artifactKey: Guid(9fea51cdf55af8f42a336882b1f9d75c) Importer(815301076,1909f56bfc062723c751e8b465ee728b)
Start importing Assets/Clean Vector Icons/Update using Guid(9fea51cdf55af8f42a336882b1f9d75c) Importer(815301076,1909f56bfc062723c751e8b465ee728b)  -> (artifact id: '1c423de50925d963858478736252687e') in 0.007196 seconds 
========================================================================
Received Import Request.
  Time since last request: 30.815279 seconds.
  path: Assets/Scenes/SampleScene.unity
  artifactKey: Guid(9fc0d4010bbf28b4594072e72b8655ab) Importer(815301076,1909f56bfc062723c751e8b465ee728b)
Start importing Assets/Scenes/SampleScene.unity using Guid(9fc0d4010bbf28b4594072e72b8655ab) Importer(815301076,1909f56bfc062723c751e8b465ee728b)  -> (artifact id: 'bad59caf16ef43af9f9f7ae2821867e1') in 0.007962 seconds 
========================================================================
Received Import Request.
  Time since last request: 709.666418 seconds.
  path: Assets/Scripts/Rotate.cs
  artifactKey: Guid(ed831067ceafe9c4b83d9fd8d919a9f0) Importer(815301076,1909f56bfc062723c751e8b465ee728b)
Start importing Assets/Scripts/Rotate.cs using Guid(ed831067ceafe9c4b83d9fd8d919a9f0) Importer(815301076,1909f56bfc062723c751e8b465ee728b)  -> (artifact id: '1adec8511acc7e7c4361924ca006c819') in 0.033944 seconds 
========================================================================
Received Prepare
Registering precompiled user dll's ...
Registered in 0.004578 seconds.
Begin MonoManager ReloadAssembly
Symbol file LoadedFromMemory doesn't match image C:\Users\Admin\Documents\unity\zombieshoot\Library\PackageCache\com.unity.collab-proxy@1.15.15\Lib\Editor\PlasticSCM\unityplastic.dll
Native extension for WindowsStandalone target not found
Native extension for WebGL target not found
Refreshing native plugins compatible for Editor in 0.58 ms, found 2 plugins.
Preloading 0 native plugins for Editor in 0.00 ms.
Mono: successfully reloaded assembly
- Completed reload, in  1.414 seconds
Domain Reload Profiling:
	ReloadAssembly (1415ms)
		BeginReloadAssembly (169ms)
			ExecutionOrderSort (0ms)
			DisableScriptedObjects (5ms)
			BackupInstance (0ms)
			ReleaseScriptingObjects (0ms)
			CreateAndSetChildDomain (50ms)
		EndReloadAssembly (1113ms)
			LoadAssemblies (153ms)
			RebuildTransferFunctionScriptingTraits (0ms)
			SetupTypeCache (384ms)
			ReleaseScriptCaches (1ms)
			RebuildScriptCaches (55ms)
			SetupLoadedEditorAssemblies (398ms)
				LogAssemblyErrors (0ms)
				InitializePlatformSupportModulesInManaged (9ms)
				SetLoadedEditorAssemblies (1ms)
				RefreshPlugins (1ms)
				BeforeProcessingInitializeOnLoad (133ms)
				ProcessInitializeOnLoadAttributes (232ms)
				ProcessInitializeOnLoadMethodAttributes (11ms)
				AfterProcessingInitializeOnLoad (11ms)
				EditorAssembliesLoaded (0ms)
			ExecutionOrderSort2 (0ms)
			AwakeInstancesAfterBackupRestoration (9ms)
Platform modules already initialized, skipping
Refreshing native plugins compatible for Editor in 0.93 ms, found 2 plugins.
Preloading 0 native plugins for Editor in 0.00 ms.
Unloading 1699 Unused Serialized files (Serialized files now loaded: 0)
System memory in use before: 94.3 MB.
System memory in use after: 94.4 MB.

Unloading 14 unused Assets to reduce memory usage. Loaded Objects now: 2187.
Total: 6.277100 ms (FindLiveObjects: 0.329200 ms CreateObjectMapping: 0.197900 ms MarkObjects: 5.606100 ms  DeleteObjects: 0.141800 ms)

AssetImportParameters requested are different than current active one (requested -> active):
  custom:framework-win-MediaFoundation: 216162199b28c13a410421893ffa2e32 -> 
  custom:video-decoder-ogg-theora: a1e56fd34408186e4bbccfd4996cb3dc -> 
  custom:container-muxer-webm: aa71ff27fc2769a1b78a27578f13a17b -> 
  custom:container-demuxer-webm: 4f35f7cbe854078d1ac9338744f61a02 -> 
  custom:container-demuxer-ogg: 62fdf1f143b41e24485cea50d1cbac27 -> 
  custom:video-encoder-webm-vp8: eb34c28f22e8b96e1ab97ce403110664 -> 
  custom:video-decoder-webm-vp8: 9c59270c3fd7afecdb556c50c9e8de78 -> 
  custom:audio-decoder-ogg-vorbis: bf7c407c2cedff20999df2af8eb42d56 -> 
  custom:audio-encoder-webm-vorbis: bf7c407c2cedff20999df2af8eb42d56 -> 
========================================================================
Received Prepare
Registering precompiled user dll's ...
Registered in 0.005787 seconds.
Begin MonoManager ReloadAssembly
Symbol file LoadedFromMemory doesn't match image C:\Users\Admin\Documents\unity\zombieshoot\Library\PackageCache\com.unity.collab-proxy@1.15.15\Lib\Editor\PlasticSCM\unityplastic.dll
Native extension for WindowsStandalone target not found
Native extension for WebGL target not found
Refreshing native plugins compatible for Editor in 0.58 ms, found 2 plugins.
Preloading 0 native plugins for Editor in 0.00 ms.
Mono: successfully reloaded assembly
- Completed reload, in  1.351 seconds
Domain Reload Profiling:
	ReloadAssembly (1352ms)
		BeginReloadAssembly (163ms)
			ExecutionOrderSort (0ms)
			DisableScriptedObjects (6ms)
			BackupInstance (0ms)
			ReleaseScriptingObjects (0ms)
			CreateAndSetChildDomain (46ms)
		EndReloadAssembly (1065ms)
			LoadAssemblies (156ms)
			RebuildTransferFunctionScriptingTraits (0ms)
			SetupTypeCache (384ms)
			ReleaseScriptCaches (1ms)
			RebuildScriptCaches (48ms)
			SetupLoadedEditorAssemblies (368ms)
				LogAssemblyErrors (0ms)
				InitializePlatformSupportModulesInManaged (8ms)
				SetLoadedEditorAssemblies (1ms)
				RefreshPlugins (1ms)
				BeforeProcessingInitializeOnLoad (122ms)
				ProcessInitializeOnLoadAttributes (216ms)
				ProcessInitializeOnLoadMethodAttributes (11ms)
				AfterProcessingInitializeOnLoad (10ms)
				EditorAssembliesLoaded (0ms)
			ExecutionOrderSort2 (0ms)
			AwakeInstancesAfterBackupRestoration (8ms)
Platform modules already initialized, skipping
Refreshing native plugins compatible for Editor in 0.84 ms, found 2 plugins.
Preloading 0 native plugins for Editor in 0.00 ms.
Unloading 1699 Unused Serialized files (Serialized files now loaded: 0)
System memory in use before: 94.4 MB.
System memory in use after: 94.5 MB.

Unloading 14 unused Assets to reduce memory usage. Loaded Objects now: 2190.
Total: 6.076100 ms (FindLiveObjects: 0.309300 ms CreateObjectMapping: 0.203900 ms MarkObjects: 5.240200 ms  DeleteObjects: 0.320500 ms)

AssetImportParameters requested are different than current active one (requested -> active):
  custom:framework-win-MediaFoundation: 216162199b28c13a410421893ffa2e32 -> 
  custom:video-decoder-ogg-theora: a1e56fd34408186e4bbccfd4996cb3dc -> 
  custom:container-muxer-webm: aa71ff27fc2769a1b78a27578f13a17b -> 
  custom:container-demuxer-webm: 4f35f7cbe854078d1ac9338744f61a02 -> 
  custom:container-demuxer-ogg: 62fdf1f143b41e24485cea50d1cbac27 -> 
  custom:video-encoder-webm-vp8: eb34c28f22e8b96e1ab97ce403110664 -> 
  custom:video-decoder-webm-vp8: 9c59270c3fd7afecdb556c50c9e8de78 -> 
  custom:audio-decoder-ogg-vorbis: bf7c407c2cedff20999df2af8eb42d56 -> 
  custom:audio-encoder-webm-vorbis: bf7c407c2cedff20999df2af8eb42d56 -> 
========================================================================
Received Import Request.
  Time since last request: 161.509871 seconds.
  path: Assets/Scripts/Rotate.cs
  artifactKey: Guid(ed831067ceafe9c4b83d9fd8d919a9f0) Importer(815301076,1909f56bfc062723c751e8b465ee728b)
Start importing Assets/Scripts/Rotate.cs using Guid(ed831067ceafe9c4b83d9fd8d919a9f0) Importer(815301076,1909f56bfc062723c751e8b465ee728b)  -> (artifact id: 'e3f4df93e063d666512f886784d56d00') in 0.017577 seconds 
========================================================================
Received Prepare
Registering precompiled user dll's ...
Registered in 0.003838 seconds.
Begin MonoManager ReloadAssembly
Symbol file LoadedFromMemory doesn't match image C:\Users\Admin\Documents\unity\zombieshoot\Library\PackageCache\com.unity.collab-proxy@1.15.15\Lib\Editor\PlasticSCM\unityplastic.dll
Native extension for WindowsStandalone target not found
Native extension for WebGL target not found
Refreshing native plugins compatible for Editor in 0.57 ms, found 2 plugins.
Preloading 0 native plugins for Editor in 0.00 ms.
Mono: successfully reloaded assembly
- Completed reload, in  1.345 seconds
Domain Reload Profiling:
	ReloadAssembly (1346ms)
		BeginReloadAssembly (156ms)
			ExecutionOrderSort (0ms)
			DisableScriptedObjects (6ms)
			BackupInstance (0ms)
			ReleaseScriptingObjects (0ms)
			CreateAndSetChildDomain (44ms)
		EndReloadAssembly (1090ms)
			LoadAssemblies (149ms)
			RebuildTransferFunctionScriptingTraits (0ms)
			SetupTypeCache (395ms)
			ReleaseScriptCaches (1ms)
			RebuildScriptCaches (47ms)
			SetupLoadedEditorAssemblies (392ms)
				LogAssemblyErrors (0ms)
				InitializePlatformSupportModulesInManaged (7ms)
				SetLoadedEditorAssemblies (1ms)
				RefreshPlugins (1ms)
				BeforeProcessingInitializeOnLoad (124ms)
				ProcessInitializeOnLoadAttributes (231ms)
				ProcessInitializeOnLoadMethodAttributes (16ms)
				AfterProcessingInitializeOnLoad (12ms)
				EditorAssembliesLoaded (1ms)
			ExecutionOrderSort2 (0ms)
			AwakeInstancesAfterBackupRestoration (8ms)
Platform modules already initialized, skipping
Refreshing native plugins compatible for Editor in 1.01 ms, found 2 plugins.
Preloading 0 native plugins for Editor in 0.00 ms.
Unloading 1699 Unused Serialized files (Serialized files now loaded: 0)
System memory in use before: 94.4 MB.
System memory in use after: 94.5 MB.

Unloading 14 unused Assets to reduce memory usage. Loaded Objects now: 2193.
Total: 6.897000 ms (FindLiveObjects: 0.211200 ms CreateObjectMapping: 0.083400 ms MarkObjects: 6.561500 ms  DeleteObjects: 0.039200 ms)

AssetImportParameters requested are different than current active one (requested -> active):
  custom:framework-win-MediaFoundation: 216162199b28c13a410421893ffa2e32 -> 
  custom:video-decoder-ogg-theora: a1e56fd34408186e4bbccfd4996cb3dc -> 
  custom:container-muxer-webm: aa71ff27fc2769a1b78a27578f13a17b -> 
  custom:container-demuxer-webm: 4f35f7cbe854078d1ac9338744f61a02 -> 
  custom:container-demuxer-ogg: 62fdf1f143b41e24485cea50d1cbac27 -> 
  custom:video-encoder-webm-vp8: eb34c28f22e8b96e1ab97ce403110664 -> 
  custom:video-decoder-webm-vp8: 9c59270c3fd7afecdb556c50c9e8de78 -> 
  custom:audio-decoder-ogg-vorbis: bf7c407c2cedff20999df2af8eb42d56 -> 
  custom:audio-encoder-webm-vorbis: bf7c407c2cedff20999df2af8eb42d56 -> 
========================================================================
Received Prepare
Registering precompiled user dll's ...
Registered in 0.004181 seconds.
Begin MonoManager ReloadAssembly
Symbol file LoadedFromMemory doesn't match image C:\Users\Admin\Documents\unity\zombieshoot\Library\PackageCache\com.unity.collab-proxy@1.15.15\Lib\Editor\PlasticSCM\unityplastic.dll
Native extension for WindowsStandalone target not found
Native extension for WebGL target not found
Refreshing native plugins compatible for Editor in 0.53 ms, found 2 plugins.
Preloading 0 native plugins for Editor in 0.00 ms.
Mono: successfully reloaded assembly
- Completed reload, in  1.434 seconds
Domain Reload Profiling:
	ReloadAssembly (1434ms)
		BeginReloadAssembly (181ms)
			ExecutionOrderSort (0ms)
			DisableScriptedObjects (5ms)
			BackupInstance (0ms)
			ReleaseScriptingObjects (0ms)
			CreateAndSetChildDomain (38ms)
		EndReloadAssembly (1174ms)
			LoadAssemblies (170ms)
			RebuildTransferFunctionScriptingTraits (0ms)
			SetupTypeCache (402ms)
			ReleaseScriptCaches (1ms)
			RebuildScriptCaches (73ms)
			SetupLoadedEditorAssemblies (439ms)
				LogAssemblyErrors (0ms)
				InitializePlatformSupportModulesInManaged (7ms)
				SetLoadedEditorAssemblies (1ms)
				RefreshPlugins (1ms)
				BeforeProcessingInitializeOnLoad (129ms)
				ProcessInitializeOnLoadAttributes (281ms)
				ProcessInitializeOnLoadMethodAttributes (11ms)
				AfterProcessingInitializeOnLoad (10ms)
				EditorAssembliesLoaded (1ms)
			ExecutionOrderSort2 (0ms)
			AwakeInstancesAfterBackupRestoration (9ms)
Platform modules already initialized, skipping
Refreshing native plugins compatible for Editor in 1.32 ms, found 2 plugins.
Preloading 0 native plugins for Editor in 0.00 ms.
Unloading 1699 Unused Serialized files (Serialized files now loaded: 0)
System memory in use before: 94.4 MB.
System memory in use after: 94.5 MB.

Unloading 14 unused Assets to reduce memory usage. Loaded Objects now: 2196.
Total: 5.471400 ms (FindLiveObjects: 0.276100 ms CreateObjectMapping: 0.109300 ms MarkObjects: 5.051400 ms  DeleteObjects: 0.032800 ms)

AssetImportParameters requested are different than current active one (requested -> active):
  custom:framework-win-MediaFoundation: 216162199b28c13a410421893ffa2e32 -> 
  custom:video-decoder-ogg-theora: a1e56fd34408186e4bbccfd4996cb3dc -> 
  custom:container-muxer-webm: aa71ff27fc2769a1b78a27578f13a17b -> 
  custom:container-demuxer-webm: 4f35f7cbe854078d1ac9338744f61a02 -> 
  custom:container-demuxer-ogg: 62fdf1f143b41e24485cea50d1cbac27 -> 
  custom:video-encoder-webm-vp8: eb34c28f22e8b96e1ab97ce403110664 -> 
  custom:video-decoder-webm-vp8: 9c59270c3fd7afecdb556c50c9e8de78 -> 
  custom:audio-decoder-ogg-vorbis: bf7c407c2cedff20999df2af8eb42d56 -> 
  custom:audio-encoder-webm-vorbis: bf7c407c2cedff20999df2af8eb42d56 -> 
========================================================================
Received Prepare
Registering precompiled user dll's ...
Registered in 0.003481 seconds.
Begin MonoManager ReloadAssembly
Symbol file LoadedFromMemory doesn't match image C:\Users\Admin\Documents\unity\zombieshoot\Library\PackageCache\com.unity.collab-proxy@1.15.15\Lib\Editor\PlasticSCM\unityplastic.dll
Native extension for WindowsStandalone target not found
Native extension for WebGL target not found
Refreshing native plugins compatible for Editor in 0.62 ms, found 2 plugins.
Preloading 0 native plugins for Editor in 0.00 ms.
Mono: successfully reloaded assembly
- Completed reload, in  1.189 seconds
Domain Reload Profiling:
	ReloadAssembly (1189ms)
		BeginReloadAssembly (136ms)
			ExecutionOrderSort (0ms)
			DisableScriptedObjects (5ms)
			BackupInstance (0ms)
			ReleaseScriptingObjects (0ms)
			CreateAndSetChildDomain (35ms)
		EndReloadAssembly (977ms)
			LoadAssemblies (122ms)
			RebuildTransferFunctionScriptingTraits (0ms)
			SetupTypeCache (346ms)
			ReleaseScriptCaches (1ms)
			RebuildScriptCaches (52ms)
			SetupLoadedEditorAssemblies (352ms)
				LogAssemblyErrors (0ms)
				InitializePlatformSupportModulesInManaged (7ms)
				SetLoadedEditorAssemblies (1ms)
				RefreshPlugins (1ms)
				BeforeProcessingInitializeOnLoad (118ms)
				ProcessInitializeOnLoadAttributes (205ms)
				ProcessInitializeOnLoadMethodAttributes (12ms)
				AfterProcessingInitializeOnLoad (9ms)
				EditorAssembliesLoaded (0ms)
			ExecutionOrderSort2 (0ms)
			AwakeInstancesAfterBackupRestoration (8ms)
Platform modules already initialized, skipping
Refreshing native plugins compatible for Editor in 0.92 ms, found 2 plugins.
Preloading 0 native plugins for Editor in 0.00 ms.
Unloading 1699 Unused Serialized files (Serialized files now loaded: 0)
System memory in use before: 94.4 MB.
System memory in use after: 94.5 MB.

Unloading 14 unused Assets to reduce memory usage. Loaded Objects now: 2199.
Total: 8.717500 ms (FindLiveObjects: 0.211800 ms CreateObjectMapping: 0.084000 ms MarkObjects: 8.376100 ms  DeleteObjects: 0.043100 ms)

AssetImportParameters requested are different than current active one (requested -> active):
  custom:framework-win-MediaFoundation: 216162199b28c13a410421893ffa2e32 -> 
  custom:video-decoder-ogg-theora: a1e56fd34408186e4bbccfd4996cb3dc -> 
  custom:container-muxer-webm: aa71ff27fc2769a1b78a27578f13a17b -> 
  custom:container-demuxer-webm: 4f35f7cbe854078d1ac9338744f61a02 -> 
  custom:container-demuxer-ogg: 62fdf1f143b41e24485cea50d1cbac27 -> 
  custom:video-encoder-webm-vp8: eb34c28f22e8b96e1ab97ce403110664 -> 
  custom:video-decoder-webm-vp8: 9c59270c3fd7afecdb556c50c9e8de78 -> 
  custom:audio-decoder-ogg-vorbis: bf7c407c2cedff20999df2af8eb42d56 -> 
  custom:audio-encoder-webm-vorbis: bf7c407c2cedff20999df2af8eb42d56 -> 
AssetImportWorkerClient::OnTransportError - code=2 error=End of file
